#
# There is insufficient memory for the Java Runtime Environment to continue.
# Native memory allocation (malloc) failed to allocate 1683696 bytes for Chunk::new
# Possible reasons:
#   The system is out of physical RAM or swap space
#   The process is running with CompressedOops enabled, and the Java Heap may be blocking the growth of the native heap
# Possible solutions:
#   Reduce memory load on the system
#   Increase physical memory or swap space
#   Check if swap backing store is full
#   Decrease Java heap size (-Xmx/-Xms)
#   Decrease number of Java threads
#   Decrease Java thread stack sizes (-Xss)
#   Set larger code cache with -XX:ReservedCodeCacheSize=
#   JVM is running with Unscaled Compressed Oops mode in which the Java heap is
#     placed in the first 4GB address space. The Java Heap base address is the
#     maximum limit for the native heap growth. Please use -XX:HeapBaseMinAddress
#     to set the Java Heap base and to place the Java Heap above 4GB virtual address.
# This output file may be truncated or incomplete.
#
#  Out of Memory Error (arena.cpp:189), pid=12636, tid=1472
#
# JRE version: OpenJDK Runtime Environment (17.0.6) (build 17.0.6+0-b2043.56-10027231)
# Java VM: OpenJDK 64-Bit Server VM (17.0.6+0-b2043.56-10027231, mixed mode, tiered, compressed oops, compressed class ptrs, g1 gc, windows-amd64)
# No core dump will be written. Minidumps are not enabled by default on client versions of Windows
#

---------------  S U M M A R Y ------------

Command Line: --add-opens=java.base/java.util=ALL-UNNAMED --add-opens=java.base/java.lang=ALL-UNNAMED --add-opens=java.base/java.lang.invoke=ALL-UNNAMED --add-opens=java.prefs/java.util.prefs=ALL-UNNAMED --add-opens=java.base/java.nio.charset=ALL-UNNAMED --add-opens=java.base/java.net=ALL-UNNAMED --add-opens=java.base/java.util.concurrent.atomic=ALL-UNNAMED -Xmx2048m -Dfile.encoding=UTF-8 -Duser.country=US -Duser.language=en -Duser.variant org.gradle.launcher.daemon.bootstrap.GradleDaemon 8.0

Host: Intel(R) Core(TM) i5-10210U CPU @ 1.60GHz, 8 cores, 7G,  Windows 10 , 64 bit Build 19041 (10.0.19041.3570)
Time: Sun Nov 12 15:26:38 2023 West Bank Gaza Standard Time elapsed time: 15.893084 seconds (0d 0h 0m 15s)

---------------  T H R E A D  ---------------

Current thread (0x000001f4420589d0):  JavaThread "C2 CompilerThread0" daemon [_thread_in_native, id=1472, stack(0x0000007ae4700000,0x0000007ae4800000)]


Current CompileTask:
C2:  15893 4240       4       groovy.lang.MetaClassImpl$1MOPIter::methodNameAction (325 bytes)

Stack: [0x0000007ae4700000,0x0000007ae4800000]
Native frames: (J=compiled Java code, j=interpreted, Vv=VM code, C=native code)
V  [jvm.dll+0x683c9a]
V  [jvm.dll+0x8427a4]
V  [jvm.dll+0x843f9e]
V  [jvm.dll+0x844603]
V  [jvm.dll+0x249b75]
V  [jvm.dll+0xabcac]
V  [jvm.dll+0xac27c]
V  [jvm.dll+0x368802]
V  [jvm.dll+0x332f31]
V  [jvm.dll+0x3323da]
V  [jvm.dll+0x21c201]
V  [jvm.dll+0x21b621]
V  [jvm.dll+0x1a4fdd]
V  [jvm.dll+0x22b098]
V  [jvm.dll+0x229159]
V  [jvm.dll+0x7f81ec]
V  [jvm.dll+0x7f274a]
V  [jvm.dll+0x682ad5]
C  [ucrtbase.dll+0x21bb2]
C  [KERNEL32.DLL+0x17344]
C  [ntdll.dll+0x526b1]


---------------  P R O C E S S  ---------------

Threads class SMR info:
_java_thread_list=0x000001f444669bb0, length=41, elements={
0x000001f42569d710, 0x000001f44157e4e0, 0x000001f441580270, 0x000001f442054290,
0x000001f442056c60, 0x000001f442057520, 0x000001f442057de0, 0x000001f4420589d0,
0x000001f442059380, 0x000001f44205bc90, 0x000001f4421d02b0, 0x000001f4421d0b90,
0x000001f443203570, 0x000001f442aa6840, 0x000001f44448f010, 0x000001f4426db8f0,
0x000001f442e57440, 0x000001f4428c6ce0, 0x000001f4428c54d0, 0x000001f4428c5000,
0x000001f4428c59a0, 0x000001f4428c5e70, 0x000001f4428c4660, 0x000001f4428c7680,
0x000001f4428c71b0, 0x000001f4428c6340, 0x000001f4428c6810, 0x000001f4428c3cc0,
0x000001f4428c4b30, 0x000001f4428c4190, 0x000001f44605eab0, 0x000001f44605a280,
0x000001f44605d770, 0x000001f44605b5c0, 0x000001f4460585a0, 0x000001f44605ef80,
0x000001f44605dc40, 0x000001f446058f40, 0x000001f44605e110, 0x000001f44605a750,
0x000001f44605e5e0
}

Java Threads: ( => current thread )
  0x000001f42569d710 JavaThread "main" [_thread_blocked, id=8040, stack(0x0000007ae3a00000,0x0000007ae3b00000)]
  0x000001f44157e4e0 JavaThread "Reference Handler" daemon [_thread_blocked, id=17616, stack(0x0000007ae4100000,0x0000007ae4200000)]
  0x000001f441580270 JavaThread "Finalizer" daemon [_thread_blocked, id=15444, stack(0x0000007ae4200000,0x0000007ae4300000)]
  0x000001f442054290 JavaThread "Signal Dispatcher" daemon [_thread_blocked, id=10916, stack(0x0000007ae4300000,0x0000007ae4400000)]
  0x000001f442056c60 JavaThread "Attach Listener" daemon [_thread_blocked, id=20960, stack(0x0000007ae4400000,0x0000007ae4500000)]
  0x000001f442057520 JavaThread "Service Thread" daemon [_thread_blocked, id=16916, stack(0x0000007ae4500000,0x0000007ae4600000)]
  0x000001f442057de0 JavaThread "Monitor Deflation Thread" daemon [_thread_blocked, id=14660, stack(0x0000007ae4600000,0x0000007ae4700000)]
=>0x000001f4420589d0 JavaThread "C2 CompilerThread0" daemon [_thread_in_native, id=1472, stack(0x0000007ae4700000,0x0000007ae4800000)]
  0x000001f442059380 JavaThread "C1 CompilerThread0" daemon [_thread_blocked, id=22480, stack(0x0000007ae4800000,0x0000007ae4900000)]
  0x000001f44205bc90 JavaThread "Sweeper thread" daemon [_thread_blocked, id=20392, stack(0x0000007ae4900000,0x0000007ae4a00000)]
  0x000001f4421d02b0 JavaThread "Common-Cleaner" daemon [_thread_blocked, id=6876, stack(0x0000007ae4a00000,0x0000007ae4b00000)]
  0x000001f4421d0b90 JavaThread "Notification Thread" daemon [_thread_blocked, id=19048, stack(0x0000007ae4b00000,0x0000007ae4c00000)]
  0x000001f443203570 JavaThread "Daemon health stats" [_thread_blocked, id=22000, stack(0x0000007ae5100000,0x0000007ae5200000)]
  0x000001f442aa6840 JavaThread "Incoming local TCP Connector on port 58948" [_thread_in_native, id=20004, stack(0x0000007ae5200000,0x0000007ae5300000)]
  0x000001f44448f010 JavaThread "Daemon periodic checks" [_thread_blocked, id=10984, stack(0x0000007ae5300000,0x0000007ae5400000)]
  0x000001f4426db8f0 JavaThread "Daemon" [_thread_blocked, id=21532, stack(0x0000007ae5400000,0x0000007ae5500000)]
  0x000001f442e57440 JavaThread "Handler for socket connection from /127.0.0.1:58948 to /127.0.0.1:58949" [_thread_in_native, id=21000, stack(0x0000007ae5500000,0x0000007ae5600000)]
  0x000001f4428c6ce0 JavaThread "Cancel handler" [_thread_blocked, id=4952, stack(0x0000007ae5600000,0x0000007ae5700000)]
  0x000001f4428c54d0 JavaThread "Daemon worker" [_thread_in_vm, id=9348, stack(0x0000007ae5700000,0x0000007ae5800000)]
  0x000001f4428c5000 JavaThread "Asynchronous log dispatcher for DefaultDaemonConnection: socket connection from /127.0.0.1:58948 to /127.0.0.1:58949" [_thread_blocked, id=15048, stack(0x0000007ae5800000,0x0000007ae5900000)]
  0x000001f4428c59a0 JavaThread "Stdin handler" [_thread_blocked, id=8200, stack(0x0000007ae5900000,0x0000007ae5a00000)]
  0x000001f4428c5e70 JavaThread "Daemon client event forwarder" [_thread_blocked, id=21872, stack(0x0000007ae5a00000,0x0000007ae5b00000)]
  0x000001f4428c4660 JavaThread "Cache worker for journal cache (C:\Users\hp\.gradle\caches\journal-1)" [_thread_blocked, id=9148, stack(0x0000007ae5f00000,0x0000007ae6000000)]
  0x000001f4428c7680 JavaThread "File lock request listener" [_thread_in_native, id=20476, stack(0x0000007ae6000000,0x0000007ae6100000)]
  0x000001f4428c71b0 JavaThread "Cache worker for file hash cache (C:\Users\hp\.gradle\caches\8.0\fileHashes)" [_thread_blocked, id=11600, stack(0x0000007ae6100000,0x0000007ae6200000)]
  0x000001f4428c6340 JavaThread "File watcher server" daemon [_thread_in_native, id=8272, stack(0x0000007ae6200000,0x0000007ae6300000)]
  0x000001f4428c6810 JavaThread "File watcher consumer" daemon [_thread_blocked, id=20872, stack(0x0000007ae6300000,0x0000007ae6400000)]
  0x000001f4428c3cc0 JavaThread "jar transforms" [_thread_blocked, id=6472, stack(0x0000007ae6400000,0x0000007ae6500000)]
  0x000001f4428c4b30 JavaThread "jar transforms Thread 2" [_thread_blocked, id=1264, stack(0x0000007ae6500000,0x0000007ae6600000)]
  0x000001f4428c4190 JavaThread "jar transforms Thread 3" [_thread_blocked, id=18096, stack(0x0000007ae6600000,0x0000007ae6700000)]
  0x000001f44605eab0 JavaThread "jar transforms Thread 4" [_thread_blocked, id=18052, stack(0x0000007ae6700000,0x0000007ae6800000)]
  0x000001f44605a280 JavaThread "jar transforms Thread 5" [_thread_blocked, id=14748, stack(0x0000007ae6800000,0x0000007ae6900000)]
  0x000001f44605d770 JavaThread "jar transforms Thread 6" [_thread_blocked, id=9596, stack(0x0000007ae6900000,0x0000007ae6a00000)]
  0x000001f44605b5c0 JavaThread "jar transforms Thread 7" [_thread_blocked, id=20172, stack(0x0000007ae6a00000,0x0000007ae6b00000)]
  0x000001f4460585a0 JavaThread "jar transforms Thread 8" [_thread_blocked, id=19052, stack(0x0000007ae6b00000,0x0000007ae6c00000)]
  0x000001f44605ef80 JavaThread "Cache worker for checksums cache (C:\Users\hp\AndroidStudioProjects\My_Application\.gradle\8.0\checksums)" [_thread_blocked, id=3808, stack(0x0000007ae6d00000,0x0000007ae6e00000)]
  0x000001f44605dc40 JavaThread "Cache worker for cache directory md-rule (C:\Users\hp\.gradle\caches\8.0\md-rule)" [_thread_blocked, id=9020, stack(0x0000007ae6e00000,0x0000007ae6f00000)]
  0x000001f446058f40 JavaThread "Cache worker for file content cache (C:\Users\hp\.gradle\caches\8.0\fileContent)" [_thread_blocked, id=12096, stack(0x0000007ae6f00000,0x0000007ae7000000)]
  0x000001f44605e110 JavaThread "Cache worker for file hash cache (C:\Users\hp\AndroidStudioProjects\My_Application\.gradle\8.0\fileHashes)" [_thread_blocked, id=11228, stack(0x0000007ae7000000,0x0000007ae7100000)]
  0x000001f44605a750 JavaThread "Cache worker for cache directory md-supplier (C:\Users\hp\.gradle\caches\8.0\md-supplier)" [_thread_blocked, id=6636, stack(0x0000007ae7100000,0x0000007ae7200000)]
  0x000001f44605e5e0 JavaThread "Cache worker for execution history cache (C:\Users\hp\.gradle\caches\8.0\executionHistory)" [_thread_blocked, id=18952, stack(0x0000007ae7200000,0x0000007ae7300000)]

Other Threads:
  0x000001f442020300 VMThread "VM Thread" [stack: 0x0000007ae4000000,0x0000007ae4100000] [id=10544]
  0x000001f4421d3070 WatcherThread [stack: 0x0000007ae4c00000,0x0000007ae4d00000] [id=22436]
  0x000001f427748610 GCTaskThread "GC Thread#0" [stack: 0x0000007ae3b00000,0x0000007ae3c00000] [id=11156]
  0x000001f442cf99a0 GCTaskThread "GC Thread#1" [stack: 0x0000007ae4d00000,0x0000007ae4e00000] [id=17876]
  0x000001f442c578a0 GCTaskThread "GC Thread#2" [stack: 0x0000007ae4e00000,0x0000007ae4f00000] [id=21644]
  0x000001f442d92f10 GCTaskThread "GC Thread#3" [stack: 0x0000007ae4f00000,0x0000007ae5000000] [id=14648]
  0x000001f443513760 GCTaskThread "GC Thread#4" [stack: 0x0000007ae5000000,0x0000007ae5100000] [id=22044]
  0x000001f442de18c0 GCTaskThread "GC Thread#5" [stack: 0x0000007ae5b00000,0x0000007ae5c00000] [id=8020]
  0x000001f4428ca8a0 GCTaskThread "GC Thread#6" [stack: 0x0000007ae5c00000,0x0000007ae5d00000] [id=332]
  0x000001f4428cab50 GCTaskThread "GC Thread#7" [stack: 0x0000007ae5d00000,0x0000007ae5e00000] [id=15364]
  0x000001f427759460 ConcurrentGCThread "G1 Main Marker" [stack: 0x0000007ae3c00000,0x0000007ae3d00000] [id=22360]
  0x000001f427759d80 ConcurrentGCThread "G1 Conc#0" [stack: 0x0000007ae3d00000,0x0000007ae3e00000] [id=22084]
  0x000001f4444730c0 ConcurrentGCThread "G1 Conc#1" [stack: 0x0000007ae5e00000,0x0000007ae5f00000] [id=20640]
  0x000001f4413e2520 ConcurrentGCThread "G1 Refine#0" [stack: 0x0000007ae3e00000,0x0000007ae3f00000] [id=7768]
  0x000001f4460c0b90 ConcurrentGCThread "G1 Refine#1" [stack: 0x0000007ae6c00000,0x0000007ae6d00000] [id=7444]
  0x000001f4413e2e50 ConcurrentGCThread "G1 Service" [stack: 0x0000007ae3f00000,0x0000007ae4000000] [id=5980]

Threads with active compile tasks:
C2 CompilerThread0    15938 4240       4       groovy.lang.MetaClassImpl$1MOPIter::methodNameAction (325 bytes)

VM state: not at safepoint (normal execution)

VM Mutex/Monitor currently owned by a thread: None

Heap address: 0x0000000080000000, size: 2048 MB, Compressed Oops mode: 32-bit

CDS archive(s) not mapped
Compressed class space mapped at: 0x0000000100000000-0x0000000140000000, reserved size: 1073741824
Narrow klass base: 0x0000000000000000, Narrow klass shift: 3, Narrow klass range: 0x140000000

GC Precious Log:
 CPUs: 8 total, 8 available
 Memory: 7995M
 Large Page Support: Disabled
 NUMA Support: Disabled
 Compressed Oops: Enabled (32-bit)
 Heap Region Size: 1M
 Heap Min Capacity: 8M
 Heap Initial Capacity: 126M
 Heap Max Capacity: 2G
 Pre-touch: Disabled
 Parallel Workers: 8
 Concurrent Workers: 2
 Concurrent Refinement Workers: 8
 Periodic GC: Disabled

Heap:
 garbage-first heap   total 125952K, used 74263K [0x0000000080000000, 0x0000000100000000)
  region size 1024K, 14 young (14336K), 4 survivors (4096K)
 Metaspace       used 47244K, committed 47680K, reserved 1097728K
  class space    used 6271K, committed 6464K, reserved 1048576K

Heap Regions: E=young(eden), S=young(survivor), O=old, HS=humongous(starts), HC=humongous(continues), CS=collection set, F=free, OA=open archive, CA=closed archive, TAMS=top-at-mark-start (previous, next)
|   0|0x0000000080000000, 0x0000000080100000, 0x0000000080100000|100%|HS|  |TAMS 0x0000000080100000, 0x0000000080000000| Complete 
|   1|0x0000000080100000, 0x0000000080200000, 0x0000000080200000|100%|HC|  |TAMS 0x0000000080200000, 0x0000000080100000| Complete 
|   2|0x0000000080200000, 0x0000000080300000, 0x0000000080300000|100%|HC|  |TAMS 0x0000000080300000, 0x0000000080200000| Complete 
|   3|0x0000000080300000, 0x0000000080400000, 0x0000000080400000|100%|HC|  |TAMS 0x0000000080400000, 0x0000000080300000| Complete 
|   4|0x0000000080400000, 0x0000000080500000, 0x0000000080500000|100%| O|  |TAMS 0x0000000080500000, 0x0000000080400000| Untracked 
|   5|0x0000000080500000, 0x0000000080600000, 0x0000000080600000|100%| O|  |TAMS 0x0000000080600000, 0x0000000080500000| Untracked 
|   6|0x0000000080600000, 0x0000000080700000, 0x0000000080700000|100%| O|  |TAMS 0x0000000080700000, 0x0000000080600000| Untracked 
|   7|0x0000000080700000, 0x0000000080800000, 0x0000000080800000|100%| O|  |TAMS 0x0000000080800000, 0x0000000080700000| Untracked 
|   8|0x0000000080800000, 0x0000000080900000, 0x0000000080900000|100%| O|  |TAMS 0x0000000080900000, 0x0000000080800000| Untracked 
|   9|0x0000000080900000, 0x0000000080a00000, 0x0000000080a00000|100%| O|  |TAMS 0x0000000080a00000, 0x0000000080900000| Untracked 
|  10|0x0000000080a00000, 0x0000000080b00000, 0x0000000080b00000|100%| O|  |TAMS 0x0000000080b00000, 0x0000000080a00000| Untracked 
|  11|0x0000000080b00000, 0x0000000080b63000, 0x0000000080c00000| 38%| O|  |TAMS 0x0000000080b63000, 0x0000000080b00000| Untracked 
|  12|0x0000000080c00000, 0x0000000080d00000, 0x0000000080d00000|100%| O|  |TAMS 0x0000000080d00000, 0x0000000080c00000| Untracked 
|  13|0x0000000080d00000, 0x0000000080e00000, 0x0000000080e00000|100%| O|  |TAMS 0x0000000080e00000, 0x0000000080d00000| Untracked 
|  14|0x0000000080e00000, 0x0000000080f00000, 0x0000000080f00000|100%| O|  |TAMS 0x0000000080f00000, 0x0000000080e00000| Untracked 
|  15|0x0000000080f00000, 0x0000000081000000, 0x0000000081000000|100%| O|  |TAMS 0x0000000081000000, 0x0000000080f00000| Untracked 
|  16|0x0000000081000000, 0x0000000081100000, 0x0000000081100000|100%| O|  |TAMS 0x0000000081100000, 0x0000000081000000| Untracked 
|  17|0x0000000081100000, 0x0000000081200000, 0x0000000081200000|100%| O|  |TAMS 0x0000000081200000, 0x0000000081100000| Untracked 
|  18|0x0000000081200000, 0x0000000081300000, 0x0000000081300000|100%| O|  |TAMS 0x0000000081300000, 0x0000000081200000| Untracked 
|  19|0x0000000081300000, 0x0000000081400000, 0x0000000081400000|100%|HS|  |TAMS 0x0000000081400000, 0x0000000081300000| Complete 
|  20|0x0000000081400000, 0x0000000081500000, 0x0000000081500000|100%|HC|  |TAMS 0x0000000081500000, 0x0000000081400000| Complete 
|  21|0x0000000081500000, 0x0000000081600000, 0x0000000081600000|100%|HS|  |TAMS 0x0000000081600000, 0x0000000081500000| Complete 
|  22|0x0000000081600000, 0x0000000081700000, 0x0000000081700000|100%|HC|  |TAMS 0x0000000081700000, 0x0000000081600000| Complete 
|  23|0x0000000081700000, 0x0000000081800000, 0x0000000081800000|100%|HC|  |TAMS 0x0000000081800000, 0x0000000081700000| Complete 
|  24|0x0000000081800000, 0x0000000081900000, 0x0000000081900000|100%| O|  |TAMS 0x0000000081900000, 0x0000000081800000| Untracked 
|  25|0x0000000081900000, 0x0000000081a00000, 0x0000000081a00000|100%| O|  |TAMS 0x0000000081a00000, 0x0000000081900000| Untracked 
|  26|0x0000000081a00000, 0x0000000081b00000, 0x0000000081b00000|100%| O|  |TAMS 0x0000000081b00000, 0x0000000081a00000| Untracked 
|  27|0x0000000081b00000, 0x0000000081c00000, 0x0000000081c00000|100%|HS|  |TAMS 0x0000000081c00000, 0x0000000081b00000| Complete 
|  28|0x0000000081c00000, 0x0000000081d00000, 0x0000000081d00000|100%|HC|  |TAMS 0x0000000081d00000, 0x0000000081c00000| Complete 
|  29|0x0000000081d00000, 0x0000000081e00000, 0x0000000081e00000|100%|HC|  |TAMS 0x0000000081e00000, 0x0000000081d00000| Complete 
|  30|0x0000000081e00000, 0x0000000081f00000, 0x0000000081f00000|100%| O|  |TAMS 0x0000000081f00000, 0x0000000081e00000| Untracked 
|  31|0x0000000081f00000, 0x0000000082000000, 0x0000000082000000|100%| O|  |TAMS 0x0000000082000000, 0x0000000081f00000| Untracked 
|  32|0x0000000082000000, 0x0000000082100000, 0x0000000082100000|100%| O|  |TAMS 0x0000000082100000, 0x0000000082000000| Untracked 
|  33|0x0000000082100000, 0x0000000082200000, 0x0000000082200000|100%|HS|  |TAMS 0x0000000082200000, 0x0000000082100000| Complete 
|  34|0x0000000082200000, 0x0000000082300000, 0x0000000082300000|100%|HC|  |TAMS 0x0000000082300000, 0x0000000082200000| Complete 
|  35|0x0000000082300000, 0x0000000082400000, 0x0000000082400000|100%| O|  |TAMS 0x0000000082400000, 0x0000000082300000| Untracked 
|  36|0x0000000082400000, 0x0000000082500000, 0x0000000082500000|100%| O|  |TAMS 0x0000000082500000, 0x0000000082400000| Untracked 
|  37|0x0000000082500000, 0x0000000082600000, 0x0000000082600000|100%| O|  |TAMS 0x0000000082600000, 0x0000000082500000| Untracked 
|  38|0x0000000082600000, 0x0000000082700000, 0x0000000082700000|100%| O|  |TAMS 0x0000000082700000, 0x0000000082600000| Untracked 
|  39|0x0000000082700000, 0x0000000082800000, 0x0000000082800000|100%| O|  |TAMS 0x0000000082800000, 0x0000000082700000| Untracked 
|  40|0x0000000082800000, 0x0000000082900000, 0x0000000082900000|100%| O|  |TAMS 0x0000000082900000, 0x0000000082800000| Untracked 
|  41|0x0000000082900000, 0x0000000082a00000, 0x0000000082a00000|100%| O|  |TAMS 0x0000000082a00000, 0x0000000082900000| Untracked 
|  42|0x0000000082a00000, 0x0000000082b00000, 0x0000000082b00000|100%|HS|  |TAMS 0x0000000082a00000, 0x0000000082a00000| Complete 
|  43|0x0000000082b00000, 0x0000000082c00000, 0x0000000082c00000|100%|HC|  |TAMS 0x0000000082b00000, 0x0000000082b00000| Complete 
|  44|0x0000000082c00000, 0x0000000082d00000, 0x0000000082d00000|100%|HC|  |TAMS 0x0000000082c00000, 0x0000000082c00000| Complete 
|  45|0x0000000082d00000, 0x0000000082e00000, 0x0000000082e00000|100%|HS|  |TAMS 0x0000000082e00000, 0x0000000082d00000| Complete 
|  46|0x0000000082e00000, 0x0000000082f00000, 0x0000000082f00000|100%|HC|  |TAMS 0x0000000082f00000, 0x0000000082e00000| Complete 
|  47|0x0000000082f00000, 0x0000000083000000, 0x0000000083000000|100%|HC|  |TAMS 0x0000000083000000, 0x0000000082f00000| Complete 
|  48|0x0000000083000000, 0x0000000083100000, 0x0000000083100000|100%|HC|  |TAMS 0x0000000083100000, 0x0000000083000000| Complete 
|  49|0x0000000083100000, 0x0000000083200000, 0x0000000083200000|100%|HC|  |TAMS 0x0000000083200000, 0x0000000083100000| Complete 
|  50|0x0000000083200000, 0x0000000083300000, 0x0000000083300000|100%|HC|  |TAMS 0x0000000083300000, 0x0000000083200000| Complete 
|  51|0x0000000083300000, 0x0000000083400000, 0x0000000083400000|100%|HC|  |TAMS 0x0000000083400000, 0x0000000083300000| Complete 
|  52|0x0000000083400000, 0x0000000083500000, 0x0000000083500000|100%|HC|  |TAMS 0x0000000083500000, 0x0000000083400000| Complete 
|  53|0x0000000083500000, 0x0000000083600000, 0x0000000083600000|100%|HC|  |TAMS 0x0000000083600000, 0x0000000083500000| Complete 
|  54|0x0000000083600000, 0x0000000083700000, 0x0000000083700000|100%|HC|  |TAMS 0x0000000083700000, 0x0000000083600000| Complete 
|  55|0x0000000083700000, 0x0000000083800000, 0x0000000083800000|100%|HC|  |TAMS 0x0000000083800000, 0x0000000083700000| Complete 
|  56|0x0000000083800000, 0x0000000083900000, 0x0000000083900000|100%|HC|  |TAMS 0x0000000083900000, 0x0000000083800000| Complete 
|  57|0x0000000083900000, 0x0000000083a00000, 0x0000000083a00000|100%| O|  |TAMS 0x0000000083a00000, 0x0000000083900000| Untracked 
|  58|0x0000000083a00000, 0x0000000083a0a200, 0x0000000083b00000|  3%| O|  |TAMS 0x0000000083a0a200, 0x0000000083a00000| Untracked 
|  59|0x0000000083b00000, 0x0000000083c00000, 0x0000000083c00000|100%|HS|  |TAMS 0x0000000083b00000, 0x0000000083b00000| Complete 
|  60|0x0000000083c00000, 0x0000000083d00000, 0x0000000083d00000|100%|HC|  |TAMS 0x0000000083c00000, 0x0000000083c00000| Complete 
|  61|0x0000000083d00000, 0x0000000083e00000, 0x0000000083e00000|100%|HC|  |TAMS 0x0000000083d00000, 0x0000000083d00000| Complete 
|  62|0x0000000083e00000, 0x0000000083e00000, 0x0000000083f00000|  0%| F|  |TAMS 0x0000000083e00000, 0x0000000083e00000| Untracked 
|  63|0x0000000083f00000, 0x0000000083f00000, 0x0000000084000000|  0%| F|  |TAMS 0x0000000083f00000, 0x0000000083f00000| Untracked 
|  64|0x0000000084000000, 0x0000000084000000, 0x0000000084100000|  0%| F|  |TAMS 0x0000000084000000, 0x0000000084000000| Untracked 
|  65|0x0000000084100000, 0x0000000084100000, 0x0000000084200000|  0%| F|  |TAMS 0x0000000084100000, 0x0000000084100000| Untracked 
|  66|0x0000000084200000, 0x0000000084200000, 0x0000000084300000|  0%| F|  |TAMS 0x0000000084200000, 0x0000000084200000| Untracked 
|  67|0x0000000084300000, 0x0000000084300000, 0x0000000084400000|  0%| F|  |TAMS 0x0000000084300000, 0x0000000084300000| Untracked 
|  68|0x0000000084400000, 0x0000000084400000, 0x0000000084500000|  0%| F|  |TAMS 0x0000000084400000, 0x0000000084400000| Untracked 
|  69|0x0000000084500000, 0x0000000084500000, 0x0000000084600000|  0%| F|  |TAMS 0x0000000084500000, 0x0000000084500000| Untracked 
|  70|0x0000000084600000, 0x0000000084600000, 0x0000000084700000|  0%| F|  |TAMS 0x0000000084600000, 0x0000000084600000| Untracked 
|  71|0x0000000084700000, 0x0000000084700000, 0x0000000084800000|  0%| F|  |TAMS 0x0000000084700000, 0x0000000084700000| Untracked 
|  72|0x0000000084800000, 0x0000000084800000, 0x0000000084900000|  0%| F|  |TAMS 0x0000000084800000, 0x0000000084800000| Untracked 
|  73|0x0000000084900000, 0x0000000084900000, 0x0000000084a00000|  0%| F|  |TAMS 0x0000000084900000, 0x0000000084900000| Untracked 
|  74|0x0000000084a00000, 0x0000000084a00000, 0x0000000084b00000|  0%| F|  |TAMS 0x0000000084a00000, 0x0000000084a00000| Untracked 
|  75|0x0000000084b00000, 0x0000000084b00000, 0x0000000084c00000|  0%| F|  |TAMS 0x0000000084b00000, 0x0000000084b00000| Untracked 
|  76|0x0000000084c00000, 0x0000000084c00000, 0x0000000084d00000|  0%| F|  |TAMS 0x0000000084c00000, 0x0000000084c00000| Untracked 
|  77|0x0000000084d00000, 0x0000000084d00000, 0x0000000084e00000|  0%| F|  |TAMS 0x0000000084d00000, 0x0000000084d00000| Untracked 
|  78|0x0000000084e00000, 0x0000000084e00000, 0x0000000084f00000|  0%| F|  |TAMS 0x0000000084e00000, 0x0000000084e00000| Untracked 
|  79|0x0000000084f00000, 0x0000000084f00000, 0x0000000085000000|  0%| F|  |TAMS 0x0000000084f00000, 0x0000000084f00000| Untracked 
|  80|0x0000000085000000, 0x0000000085018c60, 0x0000000085100000|  9%| S|CS|TAMS 0x0000000085000000, 0x0000000085000000| Complete 
|  81|0x0000000085100000, 0x0000000085200000, 0x0000000085200000|100%| S|CS|TAMS 0x0000000085100000, 0x0000000085100000| Complete 
|  82|0x0000000085200000, 0x0000000085300000, 0x0000000085300000|100%| S|CS|TAMS 0x0000000085200000, 0x0000000085200000| Complete 
|  83|0x0000000085300000, 0x0000000085400000, 0x0000000085400000|100%| S|CS|TAMS 0x0000000085300000, 0x0000000085300000| Complete 
|  84|0x0000000085400000, 0x0000000085400000, 0x0000000085500000|  0%| F|  |TAMS 0x0000000085400000, 0x0000000085400000| Untracked 
|  85|0x0000000085500000, 0x0000000085500000, 0x0000000085600000|  0%| F|  |TAMS 0x0000000085500000, 0x0000000085500000| Untracked 
|  86|0x0000000085600000, 0x0000000085600000, 0x0000000085700000|  0%| F|  |TAMS 0x0000000085600000, 0x0000000085600000| Untracked 
|  87|0x0000000085700000, 0x0000000085700000, 0x0000000085800000|  0%| F|  |TAMS 0x0000000085700000, 0x0000000085700000| Untracked 
|  88|0x0000000085800000, 0x0000000085800000, 0x0000000085900000|  0%| F|  |TAMS 0x0000000085800000, 0x0000000085800000| Untracked 
|  89|0x0000000085900000, 0x0000000085900000, 0x0000000085a00000|  0%| F|  |TAMS 0x0000000085900000, 0x0000000085900000| Untracked 
|  90|0x0000000085a00000, 0x0000000085a00000, 0x0000000085b00000|  0%| F|  |TAMS 0x0000000085a00000, 0x0000000085a00000| Untracked 
|  91|0x0000000085b00000, 0x0000000085b00000, 0x0000000085c00000|  0%| F|  |TAMS 0x0000000085b00000, 0x0000000085b00000| Untracked 
|  92|0x0000000085c00000, 0x0000000085c00000, 0x0000000085d00000|  0%| F|  |TAMS 0x0000000085c00000, 0x0000000085c00000| Untracked 
|  93|0x0000000085d00000, 0x0000000085d00000, 0x0000000085e00000|  0%| F|  |TAMS 0x0000000085d00000, 0x0000000085d00000| Untracked 
|  94|0x0000000085e00000, 0x0000000085e00000, 0x0000000085f00000|  0%| F|  |TAMS 0x0000000085e00000, 0x0000000085e00000| Untracked 
|  95|0x0000000085f00000, 0x0000000085f00000, 0x0000000086000000|  0%| F|  |TAMS 0x0000000085f00000, 0x0000000085f00000| Untracked 
|  96|0x0000000086000000, 0x0000000086000000, 0x0000000086100000|  0%| F|  |TAMS 0x0000000086000000, 0x0000000086000000| Untracked 
|  97|0x0000000086100000, 0x0000000086100000, 0x0000000086200000|  0%| F|  |TAMS 0x0000000086100000, 0x0000000086100000| Untracked 
|  98|0x0000000086200000, 0x0000000086200000, 0x0000000086300000|  0%| F|  |TAMS 0x0000000086200000, 0x0000000086200000| Untracked 
|  99|0x0000000086300000, 0x0000000086300000, 0x0000000086400000|  0%| F|  |TAMS 0x0000000086300000, 0x0000000086300000| Untracked 
| 100|0x0000000086400000, 0x0000000086400000, 0x0000000086500000|  0%| F|  |TAMS 0x0000000086400000, 0x0000000086400000| Untracked 
| 101|0x0000000086500000, 0x0000000086500000, 0x0000000086600000|  0%| F|  |TAMS 0x0000000086500000, 0x0000000086500000| Untracked 
| 102|0x0000000086600000, 0x0000000086600000, 0x0000000086700000|  0%| F|  |TAMS 0x0000000086600000, 0x0000000086600000| Untracked 
| 103|0x0000000086700000, 0x0000000086700000, 0x0000000086800000|  0%| F|  |TAMS 0x0000000086700000, 0x0000000086700000| Untracked 
| 104|0x0000000086800000, 0x0000000086800000, 0x0000000086900000|  0%| F|  |TAMS 0x0000000086800000, 0x0000000086800000| Untracked 
| 105|0x0000000086900000, 0x0000000086900000, 0x0000000086a00000|  0%| F|  |TAMS 0x0000000086900000, 0x0000000086900000| Untracked 
| 106|0x0000000086a00000, 0x0000000086a00000, 0x0000000086b00000|  0%| F|  |TAMS 0x0000000086a00000, 0x0000000086a00000| Untracked 
| 107|0x0000000086b00000, 0x0000000086b00000, 0x0000000086c00000|  0%| F|  |TAMS 0x0000000086b00000, 0x0000000086b00000| Untracked 
| 108|0x0000000086c00000, 0x0000000086c00000, 0x0000000086d00000|  0%| F|  |TAMS 0x0000000086c00000, 0x0000000086c00000| Untracked 
| 109|0x0000000086d00000, 0x0000000086d00000, 0x0000000086e00000|  0%| F|  |TAMS 0x0000000086d00000, 0x0000000086d00000| Untracked 
| 110|0x0000000086e00000, 0x0000000086e00000, 0x0000000086f00000|  0%| F|  |TAMS 0x0000000086e00000, 0x0000000086e00000| Untracked 
| 111|0x0000000086f00000, 0x0000000086f00000, 0x0000000087000000|  0%| F|  |TAMS 0x0000000086f00000, 0x0000000086f00000| Untracked 
| 112|0x0000000087000000, 0x0000000087000000, 0x0000000087100000|  0%| F|  |TAMS 0x0000000087000000, 0x0000000087000000| Untracked 
| 113|0x0000000087100000, 0x0000000087180fb8, 0x0000000087200000| 50%| E|  |TAMS 0x0000000087100000, 0x0000000087100000| Complete 
| 114|0x0000000087200000, 0x0000000087300000, 0x0000000087300000|100%| E|CS|TAMS 0x0000000087200000, 0x0000000087200000| Complete 
| 115|0x0000000087300000, 0x0000000087400000, 0x0000000087400000|100%| E|CS|TAMS 0x0000000087300000, 0x0000000087300000| Complete 
| 116|0x0000000087400000, 0x0000000087500000, 0x0000000087500000|100%| E|CS|TAMS 0x0000000087400000, 0x0000000087400000| Complete 
| 117|0x0000000087500000, 0x0000000087600000, 0x0000000087600000|100%| E|CS|TAMS 0x0000000087500000, 0x0000000087500000| Complete 
| 118|0x0000000087600000, 0x0000000087700000, 0x0000000087700000|100%| E|CS|TAMS 0x0000000087600000, 0x0000000087600000| Complete 
| 119|0x0000000087700000, 0x0000000087800000, 0x0000000087800000|100%| E|CS|TAMS 0x0000000087700000, 0x0000000087700000| Complete 
| 120|0x0000000087800000, 0x0000000087900000, 0x0000000087900000|100%| E|CS|TAMS 0x0000000087800000, 0x0000000087800000| Complete 
| 121|0x0000000087900000, 0x0000000087a00000, 0x0000000087a00000|100%| E|CS|TAMS 0x0000000087900000, 0x0000000087900000| Complete 
| 125|0x0000000087d00000, 0x0000000087e00000, 0x0000000087e00000|100%| E|CS|TAMS 0x0000000087d00000, 0x0000000087d00000| Complete 

Card table byte_map: [0x000001f43a2f0000,0x000001f43a6f0000] _byte_map_base: 0x000001f439ef0000

Marking Bits (Prev, Next): (CMBitMap*) 0x000001f427748b30, (CMBitMap*) 0x000001f427748b70
 Prev Bits: [0x000001f43aaf0000, 0x000001f43caf0000)
 Next Bits: [0x000001f43caf0000, 0x000001f43eaf0000)

Polling page: 0x000001f425700000

Metaspace:

Usage:
  Non-class:     40.03 MB used.
      Class:      6.12 MB used.
       Both:     46.16 MB used.

Virtual space:
  Non-class space:       48.00 MB reserved,      40.31 MB ( 84%) committed,  6 nodes.
      Class space:        1.00 GB reserved,       6.31 MB ( <1%) committed,  1 nodes.
             Both:        1.05 GB reserved,      46.62 MB (  4%) committed. 

Chunk freelists:
   Non-Class:  3.48 MB
       Class:  1.52 MB
        Both:  5.00 MB

MaxMetaspaceSize: unlimited
CompressedClassSpaceSize: 1.00 GB
Initial GC threshold: 21.00 MB
Current GC threshold: 76.69 MB
CDS: off
MetaspaceReclaimPolicy: balanced
 - commit_granule_bytes: 65536.
 - commit_granule_words: 8192.
 - virtual_space_node_default_size: 1048576.
 - enlarge_chunks_in_place: 1.
 - new_chunks_are_fully_committed: 0.
 - uncommit_free_chunks: 1.
 - use_allocation_guard: 0.
 - handle_deallocations: 1.


Internal statistics:

num_allocs_failed_limit: 3.
num_arena_births: 452.
num_arena_deaths: 0.
num_vsnodes_births: 7.
num_vsnodes_deaths: 0.
num_space_committed: 746.
num_space_uncommitted: 0.
num_chunks_returned_to_freelist: 3.
num_chunks_taken_from_freelist: 1921.
num_chunk_merges: 3.
num_chunk_splits: 1239.
num_chunks_enlarged: 826.
num_purges: 0.
num_inconsistent_stats: 0.

CodeHeap 'non-profiled nmethods': size=120000Kb used=2178Kb max_used=2178Kb free=117821Kb
 bounds [0x000001f432690000, 0x000001f432900000, 0x000001f439bc0000]
CodeHeap 'profiled nmethods': size=120000Kb used=8636Kb max_used=8636Kb free=111364Kb
 bounds [0x000001f42abc0000, 0x000001f42b430000, 0x000001f4320f0000]
CodeHeap 'non-nmethods': size=5760Kb used=2295Kb max_used=2347Kb free=3464Kb
 bounds [0x000001f4320f0000, 0x000001f432360000, 0x000001f432690000]
 total_blobs=5066 nmethods=4257 adapters=721
 compilation: enabled
              stopped_count=0, restarted_count=0
 full_count=0

Compilation events (20 events):
Event: 15.862 Thread 0x000001f442059380 4325       3       groovy.lang.MetaClassImpl$$Lambda$446/0x000000010054cdd0::apply (8 bytes)
Event: 15.863 Thread 0x000001f442059380 nmethod 4325 0x000001f42b425510 code [0x000001f42b4256e0, 0x000001f42b425ac8]
Event: 15.863 Thread 0x000001f442059380 4326       3       groovyjarjarasm.asm.SymbolTable::addType (81 bytes)
Event: 15.864 Thread 0x000001f442059380 nmethod 4326 0x000001f42b425c10 code [0x000001f42b425e20, 0x000001f42b426378]
Event: 15.865 Thread 0x000001f442059380 4327       1       com.google.common.collect.MapMakerInternalMap$StrongKeyWeakValueSegment::access$100 (5 bytes)
Event: 15.865 Thread 0x000001f442059380 nmethod 4327 0x000001f4328b0290 code [0x000001f4328b0420, 0x000001f4328b04d8]
Event: 15.867 Thread 0x000001f442059380 4328       3       java.util.ComparableTimSort::countRunAndMakeAscending (123 bytes)
Event: 15.867 Thread 0x000001f442059380 nmethod 4328 0x000001f42b426610 code [0x000001f42b426840, 0x000001f42b427278]
Event: 15.871 Thread 0x000001f442059380 4329   !   3       com.sun.beans.introspect.ClassInfo::get (28 bytes)
Event: 15.874 Thread 0x000001f442059380 nmethod 4329 0x000001f42b427590 code [0x000001f42b4278a0, 0x000001f42b428a08]
Event: 15.874 Thread 0x000001f442059380 4330   !   3       com.sun.beans.util.Cache::get (256 bytes)
Event: 15.876 Thread 0x000001f442059380 nmethod 4330 0x000001f42b429090 code [0x000001f42b4293e0, 0x000001f42b42a8f8]
Event: 15.877 Thread 0x000001f442059380 4331       1       org.codehaus.groovy.runtime.callsite.AbstractCallSite::getIndex (5 bytes)
Event: 15.877 Thread 0x000001f442059380 nmethod 4331 0x000001f4328b0590 code [0x000001f4328b0720, 0x000001f4328b07f8]
Event: 15.884 Thread 0x000001f442059380 4332       3       com.google.common.collect.MapMakerInternalMap::hash (14 bytes)
Event: 15.884 Thread 0x000001f442059380 nmethod 4332 0x000001f42b42b590 code [0x000001f42b42b740, 0x000001f42b42b9d8]
Event: 15.884 Thread 0x000001f442059380 4333       3       com.google.common.collect.MapMakerInternalMap::rehash (49 bytes)
Event: 15.884 Thread 0x000001f442059380 nmethod 4333 0x000001f42b42bb10 code [0x000001f42b42bca0, 0x000001f42b42bdd8]
Event: 15.884 Thread 0x000001f442059380 4334       3       com.google.common.collect.MapMakerInternalMap::segmentFor (17 bytes)
Event: 15.884 Thread 0x000001f442059380 nmethod 4334 0x000001f42b42be90 code [0x000001f42b42c020, 0x000001f42b42c158]

GC Heap History (20 events):
Event: 11.136 GC heap before
{Heap before GC invocations=5 (full 0):
 garbage-first heap   total 68608K, used 49195K [0x0000000080000000, 0x0000000100000000)
  region size 1024K, 25 young (25600K), 3 survivors (3072K)
 Metaspace       used 29401K, committed 29760K, reserved 1081344K
  class space    used 3978K, committed 4160K, reserved 1048576K
}
Event: 11.142 GC heap after
{Heap after GC invocations=6 (full 0):
 garbage-first heap   total 68608K, used 32621K [0x0000000080000000, 0x0000000100000000)
  region size 1024K, 4 young (4096K), 4 survivors (4096K)
 Metaspace       used 29401K, committed 29760K, reserved 1081344K
  class space    used 3978K, committed 4160K, reserved 1048576K
}
Event: 11.354 GC heap before
{Heap before GC invocations=6 (full 0):
 garbage-first heap   total 68608K, used 44909K [0x0000000080000000, 0x0000000100000000)
  region size 1024K, 5 young (5120K), 4 survivors (4096K)
 Metaspace       used 29403K, committed 29760K, reserved 1081344K
  class space    used 3978K, committed 4160K, reserved 1048576K
}
Event: 11.357 GC heap after
{Heap after GC invocations=7 (full 0):
 garbage-first heap   total 68608K, used 45221K [0x0000000080000000, 0x0000000100000000)
  region size 1024K, 1 young (1024K), 1 survivors (1024K)
 Metaspace       used 29403K, committed 29760K, reserved 1081344K
  class space    used 3978K, committed 4160K, reserved 1048576K
}
Event: 11.682 GC heap before
{Heap before GC invocations=8 (full 0):
 garbage-first heap   total 83968K, used 54437K [0x0000000080000000, 0x0000000100000000)
  region size 1024K, 9 young (9216K), 1 survivors (1024K)
 Metaspace       used 30356K, committed 30720K, reserved 1081344K
  class space    used 4129K, committed 4288K, reserved 1048576K
}
Event: 11.685 GC heap after
{Heap after GC invocations=9 (full 0):
 garbage-first heap   total 83968K, used 49029K [0x0000000080000000, 0x0000000100000000)
  region size 1024K, 2 young (2048K), 2 survivors (2048K)
 Metaspace       used 30356K, committed 30720K, reserved 1081344K
  class space    used 4129K, committed 4288K, reserved 1048576K
}
Event: 12.183 GC heap before
{Heap before GC invocations=9 (full 0):
 garbage-first heap   total 83968K, used 62341K [0x0000000080000000, 0x0000000100000000)
  region size 1024K, 16 young (16384K), 2 survivors (2048K)
 Metaspace       used 32276K, committed 32576K, reserved 1081344K
  class space    used 4439K, committed 4608K, reserved 1048576K
}
Event: 12.186 GC heap after
{Heap after GC invocations=10 (full 0):
 garbage-first heap   total 83968K, used 49870K [0x0000000080000000, 0x0000000100000000)
  region size 1024K, 1 young (1024K), 1 survivors (1024K)
 Metaspace       used 32276K, committed 32576K, reserved 1081344K
  class space    used 4439K, committed 4608K, reserved 1048576K
}
Event: 12.880 GC heap before
{Heap before GC invocations=11 (full 0):
 garbage-first heap   total 87040K, used 65230K [0x0000000080000000, 0x0000000100000000)
  region size 1024K, 16 young (16384K), 1 survivors (1024K)
 Metaspace       used 34318K, committed 34688K, reserved 1081344K
  class space    used 4772K, committed 4928K, reserved 1048576K
}
Event: 12.883 GC heap after
{Heap after GC invocations=12 (full 0):
 garbage-first heap   total 87040K, used 50529K [0x0000000080000000, 0x0000000100000000)
  region size 1024K, 2 young (2048K), 2 survivors (2048K)
 Metaspace       used 34318K, committed 34688K, reserved 1081344K
  class space    used 4772K, committed 4928K, reserved 1048576K
}
Event: 13.642 GC heap before
{Heap before GC invocations=12 (full 0):
 garbage-first heap   total 87040K, used 67937K [0x0000000080000000, 0x0000000100000000)
  region size 1024K, 20 young (20480K), 2 survivors (2048K)
 Metaspace       used 39778K, committed 40128K, reserved 1089536K
  class space    used 5362K, committed 5504K, reserved 1048576K
}
Event: 13.646 GC heap after
{Heap after GC invocations=13 (full 0):
 garbage-first heap   total 87040K, used 52620K [0x0000000080000000, 0x0000000100000000)
  region size 1024K, 3 young (3072K), 3 survivors (3072K)
 Metaspace       used 39778K, committed 40128K, reserved 1089536K
  class space    used 5362K, committed 5504K, reserved 1048576K
}
Event: 14.369 GC heap before
{Heap before GC invocations=14 (full 0):
 garbage-first heap   total 91136K, used 69004K [0x0000000080000000, 0x0000000100000000)
  region size 1024K, 20 young (20480K), 3 survivors (3072K)
 Metaspace       used 41726K, committed 42112K, reserved 1089536K
  class space    used 5573K, committed 5760K, reserved 1048576K
}
Event: 14.379 GC heap after
{Heap after GC invocations=15 (full 0):
 garbage-first heap   total 91136K, used 55350K [0x0000000080000000, 0x0000000100000000)
  region size 1024K, 3 young (3072K), 3 survivors (3072K)
 Metaspace       used 41726K, committed 42112K, reserved 1089536K
  class space    used 5573K, committed 5760K, reserved 1048576K
}
Event: 14.563 GC heap before
{Heap before GC invocations=15 (full 0):
 garbage-first heap   total 91136K, used 68662K [0x0000000080000000, 0x0000000100000000)
  region size 1024K, 18 young (18432K), 3 survivors (3072K)
 Metaspace       used 42194K, committed 42624K, reserved 1089536K
  class space    used 5619K, committed 5824K, reserved 1048576K
}
Event: 14.568 GC heap after
{Heap after GC invocations=16 (full 0):
 garbage-first heap   total 91136K, used 56312K [0x0000000080000000, 0x0000000100000000)
  region size 1024K, 3 young (3072K), 3 survivors (3072K)
 Metaspace       used 42194K, committed 42624K, reserved 1089536K
  class space    used 5619K, committed 5824K, reserved 1048576K
}
Event: 15.077 GC heap before
{Heap before GC invocations=17 (full 0):
 garbage-first heap   total 104448K, used 75768K [0x0000000080000000, 0x0000000100000000)
  region size 1024K, 19 young (19456K), 3 survivors (3072K)
 Metaspace       used 45061K, committed 45440K, reserved 1089536K
  class space    used 5947K, committed 6144K, reserved 1048576K
}
Event: 15.080 GC heap after
{Heap after GC invocations=18 (full 0):
 garbage-first heap   total 104448K, used 57193K [0x0000000080000000, 0x0000000100000000)
  region size 1024K, 2 young (2048K), 2 survivors (2048K)
 Metaspace       used 45061K, committed 45440K, reserved 1089536K
  class space    used 5947K, committed 6144K, reserved 1048576K
}
Event: 15.525 GC heap before
{Heap before GC invocations=18 (full 0):
 garbage-first heap   total 104448K, used 71529K [0x0000000080000000, 0x0000000100000000)
  region size 1024K, 18 young (18432K), 2 survivors (2048K)
 Metaspace       used 46651K, committed 47104K, reserved 1097728K
  class space    used 6188K, committed 6400K, reserved 1048576K
}
Event: 15.529 GC heap after
{Heap after GC invocations=19 (full 0):
 garbage-first heap   total 125952K, used 58903K [0x0000000080000000, 0x0000000100000000)
  region size 1024K, 4 young (4096K), 4 survivors (4096K)
 Metaspace       used 46651K, committed 47104K, reserved 1097728K
  class space    used 6188K, committed 6400K, reserved 1048576K
}

Dll operation events (2 events):
Event: 0.025 Loaded shared library C:\Program Files\Android\Android Studio\jbr\bin\java.dll
Event: 1.115 Loaded shared library C:\Program Files\Android\Android Studio\jbr\bin\verify.dll

Deoptimization events (20 events):
Event: 15.409 Thread 0x000001f44605a280 DEOPT PACKING pc=0x000001f42afd8d54 sp=0x0000007ae68fdf10
Event: 15.409 Thread 0x000001f44605a280 DEOPT UNPACKING pc=0x000001f432147143 sp=0x0000007ae68fd468 mode 0
Event: 15.573 Thread 0x000001f4428c54d0 DEOPT PACKING pc=0x000001f42ac805bd sp=0x0000007ae57f8700
Event: 15.573 Thread 0x000001f4428c54d0 DEOPT UNPACKING pc=0x000001f432147143 sp=0x0000007ae57f7b88 mode 0
Event: 15.573 Thread 0x000001f4428c54d0 DEOPT PACKING pc=0x000001f42b1333e9 sp=0x0000007ae57f8740
Event: 15.573 Thread 0x000001f4428c54d0 DEOPT UNPACKING pc=0x000001f432147143 sp=0x0000007ae57f7cc0 mode 0
Event: 15.635 Thread 0x000001f4428c54d0 DEOPT PACKING pc=0x000001f42b1333e9 sp=0x0000007ae57f8740
Event: 15.635 Thread 0x000001f4428c54d0 DEOPT UNPACKING pc=0x000001f432147143 sp=0x0000007ae57f7cc0 mode 0
Event: 15.638 Thread 0x000001f4428c54d0 Uncommon trap: trap_request=0xffffff45 fr.pc=0x000001f43281c940 relative=0x0000000000004220
Event: 15.638 Thread 0x000001f4428c54d0 Uncommon trap: reason=unstable_if action=reinterpret pc=0x000001f43281c940 method=java.lang.StringLatin1.regionMatchesCI([BI[BII)Z @ 72 c2
Event: 15.638 Thread 0x000001f4428c54d0 DEOPT PACKING pc=0x000001f43281c940 sp=0x0000007ae57f9040
Event: 15.638 Thread 0x000001f4428c54d0 DEOPT UNPACKING pc=0x000001f4321469a3 sp=0x0000007ae57f8df8 mode 2
Event: 15.638 Thread 0x000001f4428c54d0 Uncommon trap: trap_request=0xffffff45 fr.pc=0x000001f432767154 relative=0x0000000000000694
Event: 15.638 Thread 0x000001f4428c54d0 Uncommon trap: reason=unstable_if action=reinterpret pc=0x000001f432767154 method=java.lang.StringLatin1.regionMatchesCI([BI[BII)Z @ 72 c2
Event: 15.638 Thread 0x000001f4428c54d0 DEOPT PACKING pc=0x000001f432767154 sp=0x0000007ae57f8ec0
Event: 15.638 Thread 0x000001f4428c54d0 DEOPT UNPACKING pc=0x000001f4321469a3 sp=0x0000007ae57f8d88 mode 2
Event: 15.712 Thread 0x000001f4428c54d0 Uncommon trap: trap_request=0xffffff45 fr.pc=0x000001f432874ab8 relative=0x0000000000001478
Event: 15.712 Thread 0x000001f4428c54d0 Uncommon trap: reason=unstable_if action=reinterpret pc=0x000001f432874ab8 method=java.lang.ClassLoader.postDefineClass(Ljava/lang/Class;Ljava/security/ProtectionDomain;)V @ 17 c2
Event: 15.712 Thread 0x000001f4428c54d0 DEOPT PACKING pc=0x000001f432874ab8 sp=0x0000007ae57f83e0
Event: 15.712 Thread 0x000001f4428c54d0 DEOPT UNPACKING pc=0x000001f4321469a3 sp=0x0000007ae57f83d0 mode 2

Classes unloaded (0 events):
No events

Classes redefined (0 events):
No events

Internal exceptions (20 events):
Event: 15.750 Thread 0x000001f4428c54d0 Exception <a 'java/lang/ClassNotFoundException'{0x0000000087643388}: org/gradle/internal/service/DefaultServiceRegistryCustomizer> (0x0000000087643388) 
thrown [s\src\hotspot\share\classfile\systemDictionary.cpp, line 256]
Event: 15.753 Thread 0x000001f4428c54d0 Exception <a 'java/lang/ClassNotFoundException'{0x0000000087666e18}: org/gradle/internal/service/scopes/GradleScopeServicesCustomizer> (0x0000000087666e18) 
thrown [s\src\hotspot\share\classfile\systemDictionary.cpp, line 256]
Event: 15.761 Thread 0x000001f4428c54d0 Exception <a 'java/lang/ClassNotFoundException'{0x0000000087694c10}: org/gradle/util/GradleVersionBeanInfo> (0x0000000087694c10) 
thrown [s\src\hotspot\share\classfile\systemDictionary.cpp, line 256]
Event: 15.768 Thread 0x000001f4428c54d0 Exception <a 'java/lang/ClassNotFoundException'{0x00000000876a8698}: org/gradle/util/GradleVersionCustomizer> (0x00000000876a8698) 
thrown [s\src\hotspot\share\classfile\systemDictionary.cpp, line 256]
Event: 15.781 Thread 0x000001f4428c54d0 Exception <a 'java/lang/ClassNotFoundException'{0x00000000876e59a8}: org/gradle/util/internal/DefaultGradleVersionBeanInfo> (0x00000000876e59a8) 
thrown [s\src\hotspot\share\classfile\systemDictionary.cpp, line 256]
Event: 15.782 Thread 0x000001f4428c54d0 Exception <a 'java/lang/ClassNotFoundException'{0x00000000876fa368}: org/gradle/util/internal/DefaultGradleVersionCustomizer> (0x00000000876fa368) 
thrown [s\src\hotspot\share\classfile\systemDictionary.cpp, line 256]
Event: 15.798 Thread 0x000001f4428c54d0 Exception <a 'java/lang/ClassNotFoundException'{0x0000000087555ac0}: org/jetbrains/plugins/gradle/tooling/internal/ExtraModelBuilderBeanInfo> (0x0000000087555ac0) 
thrown [s\src\hotspot\share\classfile\systemDictionary.cpp, line 256]
Event: 15.799 Thread 0x000001f4428c54d0 Exception <a 'java/lang/ClassNotFoundException'{0x000000008755fcd0}: org/jetbrains/plugins/gradle/tooling/internal/ExtraModelBuilderCustomizer> (0x000000008755fcd0) 
thrown [s\src\hotspot\share\classfile\systemDictionary.cpp, line 256]
Event: 15.826 Thread 0x000001f4428c54d0 Exception <a 'java/lang/ClassNotFoundException'{0x00000000874874b0}: java/lang/StringBeanInfo> (0x00000000874874b0) 
thrown [s\src\hotspot\share\classfile\systemDictionary.cpp, line 256]
Event: 15.826 Thread 0x000001f4428c54d0 Exception <a 'java/lang/ClassNotFoundException'{0x000000008748f780}: java/lang/StringCustomizer> (0x000000008748f780) 
thrown [s\src\hotspot\share\classfile\systemDictionary.cpp, line 256]
Event: 15.852 Thread 0x000001f4428c54d0 Exception <a 'java/lang/ClassNotFoundException'{0x00000000873054e8}: org/gradle/internal/classloader/VisitableURLClassLoaderBeanInfo> (0x00000000873054e8) 
thrown [s\src\hotspot\share\classfile\systemDictionary.cpp, line 256]
Event: 15.853 Thread 0x000001f4428c54d0 Exception <a 'java/lang/ClassNotFoundException'{0x000000008730deb8}: java/net/URLClassLoaderBeanInfo> (0x000000008730deb8) 
thrown [s\src\hotspot\share\classfile\systemDictionary.cpp, line 256]
Event: 15.853 Thread 0x000001f4428c54d0 Exception <a 'java/lang/ClassNotFoundException'{0x00000000873164d0}: java/security/SecureClassLoaderBeanInfo> (0x00000000873164d0) 
thrown [s\src\hotspot\share\classfile\systemDictionary.cpp, line 256]
Event: 15.854 Thread 0x000001f4428c54d0 Exception <a 'java/lang/ClassNotFoundException'{0x000000008731ecf8}: java/lang/ClassLoaderBeanInfo> (0x000000008731ecf8) 
thrown [s\src\hotspot\share\classfile\systemDictionary.cpp, line 256]
Event: 15.855 Thread 0x000001f4428c54d0 Exception <a 'java/lang/ClassNotFoundException'{0x0000000087327290}: java/lang/ClassLoaderCustomizer> (0x0000000087327290) 
thrown [s\src\hotspot\share\classfile\systemDictionary.cpp, line 256]
Event: 15.858 Thread 0x000001f4428c54d0 Exception <a 'java/lang/ClassNotFoundException'{0x000000008733cb28}: java/security/SecureClassLoaderCustomizer> (0x000000008733cb28) 
thrown [s\src\hotspot\share\classfile\systemDictionary.cpp, line 256]
Event: 15.859 Thread 0x000001f4428c54d0 Exception <a 'java/lang/ClassNotFoundException'{0x0000000087347150}: java/net/URLClassLoaderCustomizer> (0x0000000087347150) 
thrown [s\src\hotspot\share\classfile\systemDictionary.cpp, line 256]
Event: 15.861 Thread 0x000001f4428c54d0 Exception <a 'java/lang/ClassNotFoundException'{0x0000000087361a90}: org/gradle/internal/classloader/VisitableURLClassLoaderCustomizer> (0x0000000087361a90) 
thrown [s\src\hotspot\share\classfile\systemDictionary.cpp, line 256]
Event: 15.868 Thread 0x000001f4428c54d0 Exception <a 'java/lang/ClassNotFoundException'{0x00000000873983b0}: org/jetbrains/plugins/gradle/tooling/internal/ExtraModelBuilder$ForGradle44BeanInfo> (0x00000000873983b0) 
thrown [s\src\hotspot\share\classfile\systemDictionary.cpp, line 256]
Event: 15.871 Thread 0x000001f4428c54d0 Exception <a 'java/lang/ClassNotFoundException'{0x00000000873a33b0}: org/jetbrains/plugins/gradle/tooling/internal/ExtraModelBuilder$ForGradle44Customizer> (0x00000000873a33b0) 
thrown [s\src\hotspot\share\classfile\systemDictionary.cpp, line 256]

VM Operations (20 events):
Event: 14.749 Executing VM operation: HandshakeAllThreads
Event: 14.749 Executing VM operation: HandshakeAllThreads done
Event: 14.755 Executing VM operation: HandshakeAllThreads
Event: 14.755 Executing VM operation: HandshakeAllThreads done
Event: 14.944 Executing VM operation: HandshakeAllThreads
Event: 14.944 Executing VM operation: HandshakeAllThreads done
Event: 14.970 Executing VM operation: HandshakeAllThreads
Event: 14.970 Executing VM operation: HandshakeAllThreads done
Event: 14.971 Executing VM operation: HandshakeAllThreads
Event: 14.971 Executing VM operation: HandshakeAllThreads done
Event: 15.076 Executing VM operation: G1CollectForAllocation
Event: 15.081 Executing VM operation: G1CollectForAllocation done
Event: 15.525 Executing VM operation: G1TryInitiateConcMark
Event: 15.529 Executing VM operation: G1TryInitiateConcMark done
Event: 15.564 Executing VM operation: G1Concurrent
Event: 15.566 Executing VM operation: G1Concurrent done
Event: 15.581 Executing VM operation: G1Concurrent
Event: 15.582 Executing VM operation: G1Concurrent done
Event: 15.633 Executing VM operation: HandshakeAllThreads
Event: 15.634 Executing VM operation: HandshakeAllThreads done

Events (20 events):
Event: 15.853 loading class java/security/SecureClassLoaderBeanInfo
Event: 15.853 loading class java/security/SecureClassLoaderBeanInfo done
Event: 15.853 loading class java/security/SecureClassLoaderBeanInfo
Event: 15.853 loading class java/security/SecureClassLoaderBeanInfo done
Event: 15.854 loading class java/lang/ClassLoaderBeanInfo
Event: 15.854 loading class java/lang/ClassLoaderBeanInfo done
Event: 15.854 loading class java/lang/ClassLoaderBeanInfo
Event: 15.854 loading class java/lang/ClassLoaderBeanInfo done
Event: 15.854 loading class java/lang/ClassLoaderCustomizer
Event: 15.854 loading class java/lang/ClassLoaderCustomizer done
Event: 15.855 loading class java/lang/ClassLoaderCustomizer
Event: 15.855 loading class java/lang/ClassLoaderCustomizer done
Event: 15.857 loading class java/security/SecureClassLoaderCustomizer
Event: 15.857 loading class java/security/SecureClassLoaderCustomizer done
Event: 15.858 loading class java/security/SecureClassLoaderCustomizer
Event: 15.858 loading class java/security/SecureClassLoaderCustomizer done
Event: 15.858 loading class java/net/URLClassLoaderCustomizer
Event: 15.858 loading class java/net/URLClassLoaderCustomizer done
Event: 15.858 loading class java/net/URLClassLoaderCustomizer
Event: 15.858 loading class java/net/URLClassLoaderCustomizer done


Dynamic libraries:
0x00007ff62dbb0000 - 0x00007ff62dbba000 	C:\Program Files\Android\Android Studio\jbr\bin\java.exe
0x00007fffc26b0000 - 0x00007fffc28a7000 	C:\WINDOWS\SYSTEM32\ntdll.dll
0x00007fffc14a0000 - 0x00007fffc155d000 	C:\WINDOWS\System32\KERNEL32.DLL
0x00007fffc03e0000 - 0x00007fffc06d6000 	C:\WINDOWS\System32\KERNELBASE.dll
0x00007fffbffd0000 - 0x00007fffc00d0000 	C:\WINDOWS\System32\ucrtbase.dll
0x00007fff9d4f0000 - 0x00007fff9d507000 	C:\Program Files\Android\Android Studio\jbr\bin\jli.dll
0x00007fff93590000 - 0x00007fff935ab000 	C:\Program Files\Android\Android Studio\jbr\bin\VCRUNTIME140.dll
0x00007fffc0db0000 - 0x00007fffc0f4e000 	C:\WINDOWS\System32\USER32.dll
0x00007fffbff50000 - 0x00007fffbff72000 	C:\WINDOWS\System32\win32u.dll
0x00007fffc1ef0000 - 0x00007fffc1f1c000 	C:\WINDOWS\System32\GDI32.dll
0x00007fffbfd90000 - 0x00007fffbfeaa000 	C:\WINDOWS\System32\gdi32full.dll
0x00007fffbfeb0000 - 0x00007fffbff4d000 	C:\WINDOWS\System32\msvcp_win.dll
0x00007fffaab70000 - 0x00007fffaae0a000 	C:\WINDOWS\WinSxS\amd64_microsoft.windows.common-controls_6595b64144ccf1df_6.0.19041.3570_none_60bb2a3971f3e41a\COMCTL32.dll
0x00007fffc10b0000 - 0x00007fffc114e000 	C:\WINDOWS\System32\msvcrt.dll
0x00007fffc11e0000 - 0x00007fffc1210000 	C:\WINDOWS\System32\IMM32.DLL
0x00007fffaa350000 - 0x00007fffaa35c000 	C:\Program Files\Android\Android Studio\jbr\bin\vcruntime140_1.dll
0x00007fff8c8f0000 - 0x00007fff8c97d000 	C:\Program Files\Android\Android Studio\jbr\bin\msvcp140.dll
0x00007fff3bc00000 - 0x00007fff3c86e000 	C:\Program Files\Android\Android Studio\jbr\bin\server\jvm.dll
0x00007fffc1380000 - 0x00007fffc142e000 	C:\WINDOWS\System32\ADVAPI32.dll
0x00007fffc1210000 - 0x00007fffc12ac000 	C:\WINDOWS\System32\sechost.dll
0x00007fffc1560000 - 0x00007fffc1686000 	C:\WINDOWS\System32\RPCRT4.dll
0x00007fffa5810000 - 0x00007fffa5819000 	C:\WINDOWS\SYSTEM32\WSOCK32.dll
0x00007fffc0c10000 - 0x00007fffc0c7b000 	C:\WINDOWS\System32\WS2_32.dll
0x00007fffa4c30000 - 0x00007fffa4c57000 	C:\WINDOWS\SYSTEM32\WINMM.dll
0x00007fffb9740000 - 0x00007fffb974a000 	C:\WINDOWS\SYSTEM32\VERSION.dll
0x00007fffbe5c0000 - 0x00007fffbe5d2000 	C:\WINDOWS\SYSTEM32\kernel.appcore.dll
0x00007fffbb7c0000 - 0x00007fffbb7ca000 	C:\Program Files\Android\Android Studio\jbr\bin\jimage.dll
0x00007fffbd9c0000 - 0x00007fffbdba4000 	C:\WINDOWS\SYSTEM32\DBGHELP.DLL
0x00007fffa4400000 - 0x00007fffa4434000 	C:\WINDOWS\SYSTEM32\dbgcore.DLL
0x00007fffc0180000 - 0x00007fffc0202000 	C:\WINDOWS\System32\bcryptPrimitives.dll
0x00007fff92ee0000 - 0x00007fff92f05000 	C:\Program Files\Android\Android Studio\jbr\bin\java.dll
0x00007fffbb6c0000 - 0x00007fffbb6d8000 	C:\Program Files\Android\Android Studio\jbr\bin\zip.dll
0x00007fffc1f20000 - 0x00007fffc2664000 	C:\WINDOWS\System32\SHELL32.dll
0x00007fffbde10000 - 0x00007fffbe5ab000 	C:\WINDOWS\SYSTEM32\windows.storage.dll
0x00007fffc08b0000 - 0x00007fffc0c04000 	C:\WINDOWS\System32\combase.dll
0x00007fffbf7d0000 - 0x00007fffbf7fd000 	C:\WINDOWS\SYSTEM32\Wldp.dll
0x00007fffc1690000 - 0x00007fffc173d000 	C:\WINDOWS\System32\SHCORE.dll
0x00007fffc0720000 - 0x00007fffc0775000 	C:\WINDOWS\System32\shlwapi.dll
0x00007fffbfcc0000 - 0x00007fffbfce5000 	C:\WINDOWS\SYSTEM32\profapi.dll
0x00007fffb7340000 - 0x00007fffb7359000 	C:\Program Files\Android\Android Studio\jbr\bin\net.dll
0x00007fffb7c10000 - 0x00007fffb7d1a000 	C:\WINDOWS\SYSTEM32\WINHTTP.dll
0x00007fffbf530000 - 0x00007fffbf59a000 	C:\WINDOWS\system32\mswsock.dll
0x00007fff9d970000 - 0x00007fff9d986000 	C:\Program Files\Android\Android Studio\jbr\bin\nio.dll
0x00007fffb3420000 - 0x00007fffb3430000 	C:\Program Files\Android\Android Studio\jbr\bin\verify.dll
0x00007fff92660000 - 0x00007fff92687000 	C:\Users\hp\.gradle\native\68d5fa5c4cc2d200863cafc0d521ce42e7d3e7ee720ec0a83991735586a16f82\windows-amd64\native-platform.dll
0x00007fff88ca0000 - 0x00007fff88de4000 	C:\Users\hp\.gradle\native\e376f236ea51e6404a007f0833ffe2c6e607c4080706a723a18a27aeea778392\windows-amd64\native-platform-file-events.dll
0x00007fffab970000 - 0x00007fffab979000 	C:\Program Files\Android\Android Studio\jbr\bin\management.dll
0x00007fffab7a0000 - 0x00007fffab7ab000 	C:\Program Files\Android\Android Studio\jbr\bin\management_ext.dll
0x00007fffc08a0000 - 0x00007fffc08a8000 	C:\WINDOWS\System32\PSAPI.DLL
0x00007fffbf720000 - 0x00007fffbf738000 	C:\WINDOWS\SYSTEM32\CRYPTSP.dll
0x00007fffbedd0000 - 0x00007fffbee04000 	C:\WINDOWS\system32\rsaenh.dll
0x00007fffc06e0000 - 0x00007fffc0707000 	C:\WINDOWS\System32\bcrypt.dll
0x00007fffbfc80000 - 0x00007fffbfcae000 	C:\WINDOWS\SYSTEM32\USERENV.dll
0x00007fffbf740000 - 0x00007fffbf74c000 	C:\WINDOWS\SYSTEM32\CRYPTBASE.dll
0x00007fffbf1d0000 - 0x00007fffbf20b000 	C:\WINDOWS\SYSTEM32\IPHLPAPI.DLL
0x00007fffc0710000 - 0x00007fffc0718000 	C:\WINDOWS\System32\NSI.dll
0x00007fffb8820000 - 0x00007fffb8837000 	C:\WINDOWS\SYSTEM32\dhcpcsvc6.DLL
0x00007fffb87e0000 - 0x00007fffb87fd000 	C:\WINDOWS\SYSTEM32\dhcpcsvc.DLL
0x00007fffbf220000 - 0x00007fffbf2ea000 	C:\WINDOWS\SYSTEM32\DNSAPI.dll
0x00007fffab3e0000 - 0x00007fffab3e7000 	C:\WINDOWS\system32\wshunix.dll

dbghelp: loaded successfully - version: 4.0.5 - missing functions: none
symbol engine: initialized successfully - sym options: 0x614 - pdb path: .;C:\Program Files\Android\Android Studio\jbr\bin;C:\WINDOWS\SYSTEM32;C:\WINDOWS\WinSxS\amd64_microsoft.windows.common-controls_6595b64144ccf1df_6.0.19041.3570_none_60bb2a3971f3e41a;C:\Program Files\Android\Android Studio\jbr\bin\server;C:\Users\hp\.gradle\native\68d5fa5c4cc2d200863cafc0d521ce42e7d3e7ee720ec0a83991735586a16f82\windows-amd64;C:\Users\hp\.gradle\native\e376f236ea51e6404a007f0833ffe2c6e607c4080706a723a18a27aeea778392\windows-amd64

VM Arguments:
jvm_args: --add-opens=java.base/java.util=ALL-UNNAMED --add-opens=java.base/java.lang=ALL-UNNAMED --add-opens=java.base/java.lang.invoke=ALL-UNNAMED --add-opens=java.prefs/java.util.prefs=ALL-UNNAMED --add-opens=java.base/java.nio.charset=ALL-UNNAMED --add-opens=java.base/java.net=ALL-UNNAMED --add-opens=java.base/java.util.concurrent.atomic=ALL-UNNAMED -Xmx2048m -Dfile.encoding=UTF-8 -Duser.country=US -Duser.language=en -Duser.variant 
java_command: org.gradle.launcher.daemon.bootstrap.GradleDaemon 8.0
java_class_path (initial): C:\Users\hp\.gradle\wrapper\dists\gradle-8.0-bin\ca5e32bp14vu59qr306oxotwh\gradle-8.0\lib\gradle-launcher-8.0.jar
Launcher Type: SUN_STANDARD

[Global flags]
     intx CICompilerCount                          = 4                                         {product} {ergonomic}
     uint ConcGCThreads                            = 2                                         {product} {ergonomic}
     uint G1ConcRefinementThreads                  = 8                                         {product} {ergonomic}
   size_t G1HeapRegionSize                         = 1048576                                   {product} {ergonomic}
    uintx GCDrainStackTargetSize                   = 64                                        {product} {ergonomic}
   size_t InitialHeapSize                          = 132120576                                 {product} {ergonomic}
   size_t MarkStackSize                            = 4194304                                   {product} {ergonomic}
   size_t MaxHeapSize                              = 2147483648                                {product} {command line}
   size_t MaxNewSize                               = 1287651328                                {product} {ergonomic}
   size_t MinHeapDeltaBytes                        = 1048576                                   {product} {ergonomic}
   size_t MinHeapSize                              = 8388608                                   {product} {ergonomic}
    uintx NonNMethodCodeHeapSize                   = 5839372                                {pd product} {ergonomic}
    uintx NonProfiledCodeHeapSize                  = 122909434                              {pd product} {ergonomic}
    uintx ProfiledCodeHeapSize                     = 122909434                              {pd product} {ergonomic}
    uintx ReservedCodeCacheSize                    = 251658240                              {pd product} {ergonomic}
     bool SegmentedCodeCache                       = true                                      {product} {ergonomic}
   size_t SoftMaxHeapSize                          = 2147483648                             {manageable} {ergonomic}
     bool UseCompressedClassPointers               = true                           {product lp64_product} {ergonomic}
     bool UseCompressedOops                        = true                           {product lp64_product} {ergonomic}
     bool UseG1GC                                  = true                                      {product} {ergonomic}
     bool UseLargePagesIndividualAllocation        = false                                  {pd product} {ergonomic}

Logging:
Log output configuration:
 #0: stdout all=warning uptime,level,tags
 #1: stderr all=off uptime,level,tags

Environment Variables:
PATH=C:\Program Files\Common Files\Oracle\Java\javapath;C:\WINDOWS\system32;C:\WINDOWS;C:\WINDOWS\System32\Wbem;C:\WINDOWS\System32\WindowsPowerShell\v1.0\;C:\WINDOWS\System32\OpenSSH\;C:\Program Files\Java\jdk-18;c:\altera\90\quartus\bin;C:\Program Files\Git\cmd;C:\Program Files\MySQL\MySQL Shell 8.0\bin\;C:\Users\hp\AppData\Local\Programs\Python\Python311\Scripts\;C:\Users\hp\AppData\Local\Programs\Python\Python311\;C:\Users\hp\AppData\Local\Microsoft\WindowsApps;;C:\Program Files\JetBrains\PyCharm Community Edition 2023.1\bin;
USERNAME=hp
OS=Windows_NT
PROCESSOR_IDENTIFIER=Intel64 Family 6 Model 142 Stepping 12, GenuineIntel
TMP=C:\Users\hp\AppData\Local\Temp
TEMP=C:\Users\hp\AppData\Local\Temp


JNI global refs:
JNI global refs: 25, weak refs: 0

JNI global refs memory usage: 843, weak refs: 841


---------------  S Y S T E M  ---------------

OS:
 Windows 10 , 64 bit Build 19041 (10.0.19041.3570)
OS uptime: 6 days 0:37 hours

CPU: total 8 (initial active 8) (4 cores per cpu, 2 threads per core) family 6 model 142 stepping 12 microcode 0xde, cx8, cmov, fxsr, ht, mmx, 3dnowpref, sse, sse2, sse3, ssse3, sse4.1, sse4.2, popcnt, lzcnt, tsc, tscinvbit, avx, avx2, aes, erms, clmul, bmi1, bmi2, adx, fma, vzeroupper, clflush, clflushopt

Memory: 4k page, system-wide physical 7995M (128M free)
TotalPageFile size 32571M (AvailPageFile size 1M)
current process WorkingSet (physical memory assigned to process): 251M, peak: 251M
current process commit charge ("private bytes"): 301M, peak: 302M

vm_info: OpenJDK 64-Bit Server VM (17.0.6+0-b2043.56-10027231) for windows-amd64 JRE (17.0.6+0-b2043.56-10027231), built on Apr 28 2023 00:43:19 by "androidbuild" with MS VC++ 16.10 / 16.11 (VS2019)

END.
