#
# There is insufficient memory for the Java Runtime Environment to continue.
# Native memory allocation (malloc) failed to allocate 748368 bytes for Chunk::new
# Possible reasons:
#   The system is out of physical RAM or swap space
#   The process is running with CompressedOops enabled, and the Java Heap may be blocking the growth of the native heap
# Possible solutions:
#   Reduce memory load on the system
#   Increase physical memory or swap space
#   Check if swap backing store is full
#   Decrease Java heap size (-Xmx/-Xms)
#   Decrease number of Java threads
#   Decrease Java thread stack sizes (-Xss)
#   Set larger code cache with -XX:ReservedCodeCacheSize=
#   JVM is running with Unscaled Compressed Oops mode in which the Java heap is
#     placed in the first 4GB address space. The Java Heap base address is the
#     maximum limit for the native heap growth. Please use -XX:HeapBaseMinAddress
#     to set the Java Heap base and to place the Java Heap above 4GB virtual address.
# This output file may be truncated or incomplete.
#
#  Out of Memory Error (arena.cpp:189), pid=4952, tid=14788
#
# JRE version: OpenJDK Runtime Environment (17.0.6) (build 17.0.6+0-b2043.56-10027231)
# Java VM: OpenJDK 64-Bit Server VM (17.0.6+0-b2043.56-10027231, mixed mode, tiered, compressed oops, compressed class ptrs, g1 gc, windows-amd64)
# No core dump will be written. Minidumps are not enabled by default on client versions of Windows
#

---------------  S U M M A R Y ------------

Command Line: --add-opens=java.base/java.util=ALL-UNNAMED --add-opens=java.base/java.lang=ALL-UNNAMED --add-opens=java.base/java.lang.invoke=ALL-UNNAMED --add-opens=java.prefs/java.util.prefs=ALL-UNNAMED --add-opens=java.base/java.nio.charset=ALL-UNNAMED --add-opens=java.base/java.net=ALL-UNNAMED --add-opens=java.base/java.util.concurrent.atomic=ALL-UNNAMED -Xmx2048m -Dfile.encoding=UTF-8 -Duser.country=US -Duser.language=en -Duser.variant org.gradle.launcher.daemon.bootstrap.GradleDaemon 8.0

Host: Intel(R) Core(TM) i5-10210U CPU @ 1.60GHz, 8 cores, 7G,  Windows 10 , 64 bit Build 19041 (10.0.19041.3570)
Time: Sun Nov 12 15:20:16 2023 West Bank Gaza Standard Time elapsed time: 11.409567 seconds (0d 0h 0m 11s)

---------------  T H R E A D  ---------------

Current thread (0x000001fa4d057af0):  JavaThread "C2 CompilerThread0" daemon [_thread_in_native, id=14788, stack(0x0000005ce7e00000,0x0000005ce7f00000)]


Current CompileTask:
C2:  11409 5210       4       java.security.CodeSource::<init> (52 bytes)

Stack: [0x0000005ce7e00000,0x0000005ce7f00000]
Native frames: (J=compiled Java code, j=interpreted, Vv=VM code, C=native code)
V  [jvm.dll+0x683c9a]
V  [jvm.dll+0x8427a4]
V  [jvm.dll+0x843f9e]
V  [jvm.dll+0x844603]
V  [jvm.dll+0x249b75]
V  [jvm.dll+0xabcac]
V  [jvm.dll+0xac27c]
V  [jvm.dll+0x368857]
V  [jvm.dll+0x332f31]
V  [jvm.dll+0x3323da]
V  [jvm.dll+0x21c201]
V  [jvm.dll+0x21b621]
V  [jvm.dll+0x1a4fdd]
V  [jvm.dll+0x22b098]
V  [jvm.dll+0x229159]
V  [jvm.dll+0x7f81ec]
V  [jvm.dll+0x7f274a]
V  [jvm.dll+0x682ad5]
C  [ucrtbase.dll+0x21bb2]
C  [KERNEL32.DLL+0x17344]
C  [ntdll.dll+0x526b1]


---------------  P R O C E S S  ---------------

Threads class SMR info:
_java_thread_list=0x000001fa4d9026d0, length=41, elements={
0x000001fa327e83f0, 0x000001fa4c66fef0, 0x000001fa4c671c80, 0x000001fa4d0533b0,
0x000001fa4d055d80, 0x000001fa4d056640, 0x000001fa4d056f00, 0x000001fa4d057af0,
0x000001fa4d0583f0, 0x000001fa4d05ad00, 0x000001fa4d2015c0, 0x000001fa4d203f10,
0x000001fa4e2a2350, 0x000001fa4e2a14e0, 0x000001fa4e2a1e80, 0x000001fa4e2a1010,
0x000001fa4e2a2820, 0x000001fa4e29f330, 0x000001fa4e2a19b0, 0x000001fa4e29ee60,
0x000001fa4e2a01a0, 0x000001fa4e2a0670, 0x000001fa4e29f800, 0x000001fa4e29fcd0,
0x000001fa4e2a0b40, 0x000001fa509a2190, 0x000001fa509a1320, 0x000001fa509a4810,
0x000001fa509a86a0, 0x000001fa509a17f0, 0x000001fa509a6e90, 0x000001fa509a0e50,
0x000001fa509a4ce0, 0x000001fa509a5b50, 0x000001fa509a69c0, 0x000001fa509a7360,
0x000001fa509a51b0, 0x000001fa509a34d0, 0x000001fa509a6020, 0x000001fa509a5680,
0x000001fa509a64f0
}

Java Threads: ( => current thread )
  0x000001fa327e83f0 JavaThread "main" [_thread_blocked, id=16508, stack(0x0000005ce7100000,0x0000005ce7200000)]
  0x000001fa4c66fef0 JavaThread "Reference Handler" daemon [_thread_blocked, id=19052, stack(0x0000005ce7800000,0x0000005ce7900000)]
  0x000001fa4c671c80 JavaThread "Finalizer" daemon [_thread_blocked, id=20096, stack(0x0000005ce7900000,0x0000005ce7a00000)]
  0x000001fa4d0533b0 JavaThread "Signal Dispatcher" daemon [_thread_blocked, id=1348, stack(0x0000005ce7a00000,0x0000005ce7b00000)]
  0x000001fa4d055d80 JavaThread "Attach Listener" daemon [_thread_blocked, id=12976, stack(0x0000005ce7b00000,0x0000005ce7c00000)]
  0x000001fa4d056640 JavaThread "Service Thread" daemon [_thread_blocked, id=15920, stack(0x0000005ce7c00000,0x0000005ce7d00000)]
  0x000001fa4d056f00 JavaThread "Monitor Deflation Thread" daemon [_thread_blocked, id=17160, stack(0x0000005ce7d00000,0x0000005ce7e00000)]
=>0x000001fa4d057af0 JavaThread "C2 CompilerThread0" daemon [_thread_in_native, id=14788, stack(0x0000005ce7e00000,0x0000005ce7f00000)]
  0x000001fa4d0583f0 JavaThread "C1 CompilerThread0" daemon [_thread_in_native, id=9748, stack(0x0000005ce7f00000,0x0000005ce8000000)]
  0x000001fa4d05ad00 JavaThread "Sweeper thread" daemon [_thread_blocked, id=21740, stack(0x0000005ce8000000,0x0000005ce8100000)]
  0x000001fa4d2015c0 JavaThread "Common-Cleaner" daemon [_thread_blocked, id=9464, stack(0x0000005ce8100000,0x0000005ce8200000)]
  0x000001fa4d203f10 JavaThread "Notification Thread" daemon [_thread_blocked, id=15052, stack(0x0000005ce8200000,0x0000005ce8300000)]
  0x000001fa4e2a2350 JavaThread "Daemon health stats" [_thread_blocked, id=19676, stack(0x0000005ce8900000,0x0000005ce8a00000)]
  0x000001fa4e2a14e0 JavaThread "Incoming local TCP Connector on port 58609" [_thread_in_native, id=22452, stack(0x0000005ce8a00000,0x0000005ce8b00000)]
  0x000001fa4e2a1e80 JavaThread "Daemon periodic checks" [_thread_blocked, id=15084, stack(0x0000005ce8b00000,0x0000005ce8c00000)]
  0x000001fa4e2a1010 JavaThread "Daemon" [_thread_blocked, id=15612, stack(0x0000005ce8c00000,0x0000005ce8d00000)]
  0x000001fa4e2a2820 JavaThread "Handler for socket connection from /127.0.0.1:58609 to /127.0.0.1:58611" [_thread_in_native, id=11228, stack(0x0000005ce8d00000,0x0000005ce8e00000)]
  0x000001fa4e29f330 JavaThread "Cancel handler" [_thread_blocked, id=1472, stack(0x0000005ce8e00000,0x0000005ce8f00000)]
  0x000001fa4e2a19b0 JavaThread "Daemon worker" [_thread_in_vm, id=6876, stack(0x0000005ce8f00000,0x0000005ce9000000)]
  0x000001fa4e29ee60 JavaThread "Asynchronous log dispatcher for DefaultDaemonConnection: socket connection from /127.0.0.1:58609 to /127.0.0.1:58611" [_thread_blocked, id=14508, stack(0x0000005ce9000000,0x0000005ce9100000)]
  0x000001fa4e2a01a0 JavaThread "Stdin handler" [_thread_blocked, id=5100, stack(0x0000005ce9100000,0x0000005ce9200000)]
  0x000001fa4e2a0670 JavaThread "Daemon client event forwarder" [_thread_blocked, id=11704, stack(0x0000005ce9200000,0x0000005ce9300000)]
  0x000001fa4e29f800 JavaThread "Cache worker for journal cache (C:\Users\hp\.gradle\caches\journal-1)" [_thread_blocked, id=19816, stack(0x0000005ce9700000,0x0000005ce9800000)]
  0x000001fa4e29fcd0 JavaThread "File lock request listener" [_thread_in_native, id=12248, stack(0x0000005ce9800000,0x0000005ce9900000)]
  0x000001fa4e2a0b40 JavaThread "Cache worker for file hash cache (C:\Users\hp\.gradle\caches\8.0\fileHashes)" [_thread_blocked, id=13276, stack(0x0000005ce9900000,0x0000005ce9a00000)]
  0x000001fa509a2190 JavaThread "File watcher server" daemon [_thread_in_native, id=22060, stack(0x0000005ce9a00000,0x0000005ce9b00000)]
  0x000001fa509a1320 JavaThread "File watcher consumer" daemon [_thread_blocked, id=19492, stack(0x0000005ce9b00000,0x0000005ce9c00000)]
  0x000001fa509a4810 JavaThread "Cache worker for checksums cache (C:\Users\hp\AndroidStudioProjects\My_Application\.gradle\8.0\checksums)" [_thread_blocked, id=6972, stack(0x0000005ce9c00000,0x0000005ce9d00000)]
  0x000001fa509a86a0 JavaThread "Cache worker for cache directory md-rule (C:\Users\hp\.gradle\caches\8.0\md-rule)" [_thread_blocked, id=14660, stack(0x0000005ce9d00000,0x0000005ce9e00000)]
  0x000001fa509a17f0 JavaThread "Cache worker for file content cache (C:\Users\hp\.gradle\caches\8.0\fileContent)" [_thread_blocked, id=9632, stack(0x0000005ce9e00000,0x0000005ce9f00000)]
  0x000001fa509a6e90 JavaThread "Cache worker for file hash cache (C:\Users\hp\AndroidStudioProjects\My_Application\.gradle\8.0\fileHashes)" [_thread_blocked, id=9348, stack(0x0000005ce9f00000,0x0000005cea000000)]
  0x000001fa509a0e50 JavaThread "Cache worker for cache directory md-supplier (C:\Users\hp\.gradle\caches\8.0\md-supplier)" [_thread_blocked, id=22480, stack(0x0000005cea000000,0x0000005cea100000)]
  0x000001fa509a4ce0 JavaThread "Cache worker for execution history cache (C:\Users\hp\.gradle\caches\8.0\executionHistory)" [_thread_blocked, id=19848, stack(0x0000005cea100000,0x0000005cea200000)]
  0x000001fa509a5b50 JavaThread "jar transforms" [_thread_blocked, id=14400, stack(0x0000005cea200000,0x0000005cea300000)]
  0x000001fa509a69c0 JavaThread "jar transforms Thread 2" [_thread_blocked, id=7276, stack(0x0000005cea300000,0x0000005cea400000)]
  0x000001fa509a7360 JavaThread "Cache worker for kotlin-dsl (C:\Users\hp\.gradle\caches\8.0\kotlin-dsl)" [_thread_blocked, id=8200, stack(0x0000005cea500000,0x0000005cea600000)]
  0x000001fa509a51b0 JavaThread "jar transforms Thread 3" [_thread_blocked, id=22332, stack(0x0000005cea600000,0x0000005cea700000)]
  0x000001fa509a34d0 JavaThread "jar transforms Thread 4" [_thread_blocked, id=22144, stack(0x0000005ce8400000,0x0000005ce8500000)]
  0x000001fa509a6020 JavaThread "Cache worker for dependencies-accessors (C:\Users\hp\AndroidStudioProjects\My_Application\.gradle\8.0\dependencies-accessors)" [_thread_blocked, id=15664, stack(0x0000005cea700000,0x0000005cea800000)]
  0x000001fa509a5680 JavaThread "Cache worker for Build Output Cleanup Cache (C:\Users\hp\AndroidStudioProjects\My_Application\.gradle\buildOutputCleanup)" [_thread_blocked, id=7424, stack(0x0000005cea800000,0x0000005cea900000)]
  0x000001fa509a64f0 JavaThread "jar transforms Thread 5" [_thread_blocked, id=12744, stack(0x0000005cea900000,0x0000005ceaa00000)]

Other Threads:
  0x000001fa4d01f940 VMThread "VM Thread" [stack: 0x0000005ce7700000,0x0000005ce7800000] [id=6056]
  0x000001fa4d138b70 WatcherThread [stack: 0x0000005ce8300000,0x0000005ce8400000] [id=3808]
  0x000001fa328484d0 GCTaskThread "GC Thread#0" [stack: 0x0000005ce7200000,0x0000005ce7300000] [id=21992]
  0x000001fa4dec7f80 GCTaskThread "GC Thread#1" [stack: 0x0000005ce8500000,0x0000005ce8600000] [id=8860]
  0x000001fa4d6cc300 GCTaskThread "GC Thread#2" [stack: 0x0000005ce8600000,0x0000005ce8700000] [id=12096]
  0x000001fa4defcaa0 GCTaskThread "GC Thread#3" [stack: 0x0000005ce8700000,0x0000005ce8800000] [id=20744]
  0x000001fa4d6e0a50 GCTaskThread "GC Thread#4" [stack: 0x0000005ce8800000,0x0000005ce8900000] [id=2744]
  0x000001fa4ea3aef0 GCTaskThread "GC Thread#5" [stack: 0x0000005ce9300000,0x0000005ce9400000] [id=20484]
  0x000001fa4fe94ab0 GCTaskThread "GC Thread#6" [stack: 0x0000005ce9400000,0x0000005ce9500000] [id=15048]
  0x000001fa4e071ce0 GCTaskThread "GC Thread#7" [stack: 0x0000005ce9500000,0x0000005ce9600000] [id=3416]
  0x000001fa32859320 ConcurrentGCThread "G1 Main Marker" [stack: 0x0000005ce7300000,0x0000005ce7400000] [id=7444]
  0x000001fa3285a3e0 ConcurrentGCThread "G1 Conc#0" [stack: 0x0000005ce7400000,0x0000005ce7500000] [id=812]
  0x000001fa50499e10 ConcurrentGCThread "G1 Conc#1" [stack: 0x0000005ce9600000,0x0000005ce9700000] [id=18952]
  0x000001fa328be8f0 ConcurrentGCThread "G1 Refine#0" [stack: 0x0000005ce7500000,0x0000005ce7600000] [id=21356]
  0x000001fa50670090 ConcurrentGCThread "G1 Refine#1" [stack: 0x0000005cea400000,0x0000005cea500000] [id=7908]
  0x000001fa4c4cc380 ConcurrentGCThread "G1 Service" [stack: 0x0000005ce7600000,0x0000005ce7700000] [id=13688]

Threads with active compile tasks:
C2 CompilerThread0    11464 5210       4       java.security.CodeSource::<init> (52 bytes)

VM state: not at safepoint (normal execution)

VM Mutex/Monitor currently owned by a thread: None

Heap address: 0x0000000080000000, size: 2048 MB, Compressed Oops mode: 32-bit

CDS archive(s) not mapped
Compressed class space mapped at: 0x0000000100000000-0x0000000140000000, reserved size: 1073741824
Narrow klass base: 0x0000000000000000, Narrow klass shift: 3, Narrow klass range: 0x140000000

GC Precious Log:
 CPUs: 8 total, 8 available
 Memory: 7995M
 Large Page Support: Disabled
 NUMA Support: Disabled
 Compressed Oops: Enabled (32-bit)
 Heap Region Size: 1M
 Heap Min Capacity: 8M
 Heap Initial Capacity: 126M
 Heap Max Capacity: 2G
 Pre-touch: Disabled
 Parallel Workers: 8
 Concurrent Workers: 2
 Concurrent Refinement Workers: 8
 Periodic GC: Disabled

Heap:
 garbage-first heap   total 82944K, used 46649K [0x0000000080000000, 0x0000000100000000)
  region size 1024K, 18 young (18432K), 5 survivors (5120K)
 Metaspace       used 56042K, committed 56512K, reserved 1097728K
  class space    used 7425K, committed 7680K, reserved 1048576K

Heap Regions: E=young(eden), S=young(survivor), O=old, HS=humongous(starts), HC=humongous(continues), CS=collection set, F=free, OA=open archive, CA=closed archive, TAMS=top-at-mark-start (previous, next)
|   0|0x0000000080000000, 0x0000000080100000, 0x0000000080100000|100%|HS|  |TAMS 0x0000000080100000, 0x0000000080000000| Complete 
|   1|0x0000000080100000, 0x0000000080200000, 0x0000000080200000|100%|HC|  |TAMS 0x0000000080200000, 0x0000000080100000| Complete 
|   2|0x0000000080200000, 0x0000000080300000, 0x0000000080300000|100%|HC|  |TAMS 0x0000000080300000, 0x0000000080200000| Complete 
|   3|0x0000000080300000, 0x0000000080400000, 0x0000000080400000|100%|HC|  |TAMS 0x0000000080400000, 0x0000000080300000| Complete 
|   4|0x0000000080400000, 0x0000000080500000, 0x0000000080500000|100%| O|  |TAMS 0x0000000080500000, 0x0000000080400000| Untracked 
|   5|0x0000000080500000, 0x0000000080600000, 0x0000000080600000|100%| O|  |TAMS 0x0000000080600000, 0x0000000080500000| Untracked 
|   6|0x0000000080600000, 0x0000000080700000, 0x0000000080700000|100%| O|  |TAMS 0x0000000080700000, 0x0000000080600000| Untracked 
|   7|0x0000000080700000, 0x0000000080800000, 0x0000000080800000|100%| O|  |TAMS 0x0000000080800000, 0x0000000080700000| Untracked 
|   8|0x0000000080800000, 0x0000000080900000, 0x0000000080900000|100%| O|  |TAMS 0x0000000080900000, 0x0000000080800000| Untracked 
|   9|0x0000000080900000, 0x0000000080a00000, 0x0000000080a00000|100%| O|  |TAMS 0x0000000080a00000, 0x0000000080900000| Untracked 
|  10|0x0000000080a00000, 0x0000000080b00000, 0x0000000080b00000|100%| O|  |TAMS 0x0000000080b00000, 0x0000000080a00000| Untracked 
|  11|0x0000000080b00000, 0x0000000080b6e800, 0x0000000080c00000| 43%| O|  |TAMS 0x0000000080b6e800, 0x0000000080b00000| Untracked 
|  12|0x0000000080c00000, 0x0000000080d00000, 0x0000000080d00000|100%| O|  |TAMS 0x0000000080d00000, 0x0000000080c00000| Untracked 
|  13|0x0000000080d00000, 0x0000000080e00000, 0x0000000080e00000|100%| O|  |TAMS 0x0000000080e00000, 0x0000000080d00000| Untracked 
|  14|0x0000000080e00000, 0x0000000080f00000, 0x0000000080f00000|100%| O|  |TAMS 0x0000000080f00000, 0x0000000080e00000| Untracked 
|  15|0x0000000080f00000, 0x0000000081000000, 0x0000000081000000|100%| O|  |TAMS 0x0000000081000000, 0x0000000080f00000| Untracked 
|  16|0x0000000081000000, 0x0000000081100000, 0x0000000081100000|100%| O|  |TAMS 0x0000000081100000, 0x0000000081000000| Untracked 
|  17|0x0000000081100000, 0x0000000081200000, 0x0000000081200000|100%| O|  |TAMS 0x0000000081200000, 0x0000000081100000| Untracked 
|  18|0x0000000081200000, 0x0000000081300000, 0x0000000081300000|100%| O|  |TAMS 0x0000000081300000, 0x0000000081200000| Untracked 
|  19|0x0000000081300000, 0x0000000081400000, 0x0000000081400000|100%| O|  |TAMS 0x0000000081400000, 0x0000000081300000| Untracked 
|  20|0x0000000081400000, 0x0000000081500000, 0x0000000081500000|100%| O|  |TAMS 0x0000000081479c00, 0x0000000081400000| Untracked 
|  21|0x0000000081500000, 0x0000000081600000, 0x0000000081600000|100%| O|  |TAMS 0x0000000081500000, 0x0000000081500000| Untracked 
|  22|0x0000000081600000, 0x0000000081700000, 0x0000000081700000|100%| O|  |TAMS 0x0000000081600000, 0x0000000081600000| Untracked 
|  23|0x0000000081700000, 0x0000000081800000, 0x0000000081800000|100%| O|  |TAMS 0x0000000081700000, 0x0000000081700000| Untracked 
|  24|0x0000000081800000, 0x0000000081900000, 0x0000000081900000|100%| O|  |TAMS 0x0000000081800000, 0x0000000081800000| Untracked 
|  25|0x0000000081900000, 0x000000008190a000, 0x0000000081a00000|  3%| O|  |TAMS 0x0000000081900000, 0x0000000081900000| Untracked 
|  26|0x0000000081a00000, 0x0000000081a00000, 0x0000000081b00000|  0%| F|  |TAMS 0x0000000081a00000, 0x0000000081a00000| Untracked 
|  27|0x0000000081b00000, 0x0000000081c00000, 0x0000000081c00000|100%| O|  |TAMS 0x0000000081b00000, 0x0000000081b00000| Untracked 
|  28|0x0000000081c00000, 0x0000000081d00000, 0x0000000081d00000|100%| O|  |TAMS 0x0000000081c00000, 0x0000000081c00000| Untracked 
|  29|0x0000000081d00000, 0x0000000081e00000, 0x0000000081e00000|100%| O|  |TAMS 0x0000000081d00000, 0x0000000081d00000| Untracked 
|  30|0x0000000081e00000, 0x0000000081f00000, 0x0000000081f00000|100%| O|  |TAMS 0x0000000081e00000, 0x0000000081e00000| Untracked 
|  31|0x0000000081f00000, 0x0000000082000000, 0x0000000082000000|100%| O|  |TAMS 0x0000000081f00000, 0x0000000081f00000| Untracked 
|  32|0x0000000082000000, 0x0000000082000000, 0x0000000082100000|  0%| F|  |TAMS 0x0000000082000000, 0x0000000082000000| Untracked 
|  33|0x0000000082100000, 0x0000000082100000, 0x0000000082200000|  0%| F|  |TAMS 0x0000000082100000, 0x0000000082100000| Untracked 
|  34|0x0000000082200000, 0x0000000082200000, 0x0000000082300000|  0%| F|  |TAMS 0x0000000082200000, 0x0000000082200000| Untracked 
|  35|0x0000000082300000, 0x0000000082300000, 0x0000000082400000|  0%| F|  |TAMS 0x0000000082300000, 0x0000000082300000| Untracked 
|  36|0x0000000082400000, 0x0000000082400000, 0x0000000082500000|  0%| F|  |TAMS 0x0000000082400000, 0x0000000082400000| Untracked 
|  37|0x0000000082500000, 0x0000000082500000, 0x0000000082600000|  0%| F|  |TAMS 0x0000000082500000, 0x0000000082500000| Untracked 
|  38|0x0000000082600000, 0x0000000082600000, 0x0000000082700000|  0%| F|  |TAMS 0x0000000082600000, 0x0000000082600000| Untracked 
|  39|0x0000000082700000, 0x0000000082700000, 0x0000000082800000|  0%| F|  |TAMS 0x0000000082700000, 0x0000000082700000| Untracked 
|  40|0x0000000082800000, 0x0000000082800000, 0x0000000082900000|  0%| F|  |TAMS 0x0000000082800000, 0x0000000082800000| Untracked 
|  41|0x0000000082900000, 0x0000000082900000, 0x0000000082a00000|  0%| F|  |TAMS 0x0000000082900000, 0x0000000082900000| Untracked 
|  42|0x0000000082a00000, 0x0000000082a15dd0, 0x0000000082b00000|  8%| S|CS|TAMS 0x0000000082a00000, 0x0000000082a00000| Complete 
|  43|0x0000000082b00000, 0x0000000082c00000, 0x0000000082c00000|100%| S|CS|TAMS 0x0000000082b00000, 0x0000000082b00000| Complete 
|  44|0x0000000082c00000, 0x0000000082c00000, 0x0000000082d00000|  0%| F|  |TAMS 0x0000000082c00000, 0x0000000082c00000| Untracked 
|  45|0x0000000082d00000, 0x0000000082d00000, 0x0000000082e00000|  0%| F|  |TAMS 0x0000000082d00000, 0x0000000082d00000| Untracked 
|  46|0x0000000082e00000, 0x0000000082f00000, 0x0000000082f00000|100%| S|CS|TAMS 0x0000000082e00000, 0x0000000082e00000| Complete 
|  47|0x0000000082f00000, 0x0000000083000000, 0x0000000083000000|100%| S|CS|TAMS 0x0000000082f00000, 0x0000000082f00000| Complete 
|  48|0x0000000083000000, 0x0000000083100000, 0x0000000083100000|100%| S|CS|TAMS 0x0000000083000000, 0x0000000083000000| Complete 
|  49|0x0000000083100000, 0x0000000083100000, 0x0000000083200000|  0%| F|  |TAMS 0x0000000083100000, 0x0000000083100000| Untracked 
|  50|0x0000000083200000, 0x0000000083200000, 0x0000000083300000|  0%| F|  |TAMS 0x0000000083200000, 0x0000000083200000| Untracked 
|  51|0x0000000083300000, 0x0000000083300000, 0x0000000083400000|  0%| F|  |TAMS 0x0000000083300000, 0x0000000083300000| Untracked 
|  52|0x0000000083400000, 0x0000000083400000, 0x0000000083500000|  0%| F|  |TAMS 0x0000000083400000, 0x0000000083400000| Untracked 
|  53|0x0000000083500000, 0x0000000083500000, 0x0000000083600000|  0%| F|  |TAMS 0x0000000083500000, 0x0000000083500000| Untracked 
|  54|0x0000000083600000, 0x0000000083600000, 0x0000000083700000|  0%| F|  |TAMS 0x0000000083600000, 0x0000000083600000| Untracked 
|  55|0x0000000083700000, 0x0000000083700000, 0x0000000083800000|  0%| F|  |TAMS 0x0000000083700000, 0x0000000083700000| Untracked 
|  56|0x0000000083800000, 0x0000000083800000, 0x0000000083900000|  0%| F|  |TAMS 0x0000000083800000, 0x0000000083800000| Untracked 
|  57|0x0000000083900000, 0x0000000083900000, 0x0000000083a00000|  0%| F|  |TAMS 0x0000000083900000, 0x0000000083900000| Untracked 
|  58|0x0000000083a00000, 0x0000000083a00000, 0x0000000083b00000|  0%| F|  |TAMS 0x0000000083a00000, 0x0000000083a00000| Untracked 
|  59|0x0000000083b00000, 0x0000000083b00000, 0x0000000083c00000|  0%| F|  |TAMS 0x0000000083b00000, 0x0000000083b00000| Untracked 
|  60|0x0000000083c00000, 0x0000000083c00000, 0x0000000083d00000|  0%| F|  |TAMS 0x0000000083c00000, 0x0000000083c00000| Untracked 
|  61|0x0000000083d00000, 0x0000000083d00000, 0x0000000083e00000|  0%| F|  |TAMS 0x0000000083d00000, 0x0000000083d00000| Untracked 
|  62|0x0000000083e00000, 0x0000000083e00000, 0x0000000083f00000|  0%| F|  |TAMS 0x0000000083e00000, 0x0000000083e00000| Untracked 
|  63|0x0000000083f00000, 0x0000000083f00000, 0x0000000084000000|  0%| F|  |TAMS 0x0000000083f00000, 0x0000000083f00000| Untracked 
|  64|0x0000000084000000, 0x0000000084000000, 0x0000000084100000|  0%| F|  |TAMS 0x0000000084000000, 0x0000000084000000| Untracked 
|  65|0x0000000084100000, 0x0000000084100000, 0x0000000084200000|  0%| F|  |TAMS 0x0000000084100000, 0x0000000084100000| Untracked 
|  66|0x0000000084200000, 0x0000000084200000, 0x0000000084300000|  0%| F|  |TAMS 0x0000000084200000, 0x0000000084200000| Untracked 
|  67|0x0000000084300000, 0x0000000084300000, 0x0000000084400000|  0%| F|  |TAMS 0x0000000084300000, 0x0000000084300000| Untracked 
|  68|0x0000000084400000, 0x0000000084480800, 0x0000000084500000| 50%| E|  |TAMS 0x0000000084400000, 0x0000000084400000| Complete 
|  69|0x0000000084500000, 0x0000000084600000, 0x0000000084600000|100%| E|CS|TAMS 0x0000000084500000, 0x0000000084500000| Complete 
|  70|0x0000000084600000, 0x0000000084700000, 0x0000000084700000|100%| E|CS|TAMS 0x0000000084600000, 0x0000000084600000| Complete 
|  71|0x0000000084700000, 0x0000000084800000, 0x0000000084800000|100%| E|CS|TAMS 0x0000000084700000, 0x0000000084700000| Complete 
|  75|0x0000000084b00000, 0x0000000084c00000, 0x0000000084c00000|100%| E|CS|TAMS 0x0000000084b00000, 0x0000000084b00000| Complete 
|  76|0x0000000084c00000, 0x0000000084d00000, 0x0000000084d00000|100%| E|CS|TAMS 0x0000000084c00000, 0x0000000084c00000| Complete 
|  77|0x0000000084d00000, 0x0000000084e00000, 0x0000000084e00000|100%| E|CS|TAMS 0x0000000084d00000, 0x0000000084d00000| Complete 
|  78|0x0000000084e00000, 0x0000000084f00000, 0x0000000084f00000|100%| E|CS|TAMS 0x0000000084e00000, 0x0000000084e00000| Complete 
|  79|0x0000000084f00000, 0x0000000085000000, 0x0000000085000000|100%| E|CS|TAMS 0x0000000084f00000, 0x0000000084f00000| Complete 
|  80|0x0000000085000000, 0x0000000085100000, 0x0000000085100000|100%| E|CS|TAMS 0x0000000085000000, 0x0000000085000000| Complete 
|  81|0x0000000085100000, 0x0000000085200000, 0x0000000085200000|100%| E|CS|TAMS 0x0000000085100000, 0x0000000085100000| Complete 
|  82|0x0000000085200000, 0x0000000085300000, 0x0000000085300000|100%| E|CS|TAMS 0x0000000085200000, 0x0000000085200000| Complete 
| 125|0x0000000087d00000, 0x0000000087e00000, 0x0000000087e00000|100%| E|CS|TAMS 0x0000000087d00000, 0x0000000087d00000| Complete 

Card table byte_map: [0x000001fa453f0000,0x000001fa457f0000] _byte_map_base: 0x000001fa44ff0000

Marking Bits (Prev, Next): (CMBitMap*) 0x000001fa328489f0, (CMBitMap*) 0x000001fa32848a30
 Prev Bits: [0x000001fa45bf0000, 0x000001fa47bf0000)
 Next Bits: [0x000001fa47bf0000, 0x000001fa49bf0000)

Polling page: 0x000001fa30720000

Metaspace:

Usage:
  Non-class:     47.48 MB used.
      Class:      7.25 MB used.
       Both:     54.74 MB used.

Virtual space:
  Non-class space:       48.00 MB reserved,      47.75 MB (>99%) committed,  6 nodes.
      Class space:        1.00 GB reserved,       7.50 MB ( <1%) committed,  1 nodes.
             Both:        1.05 GB reserved,      55.25 MB (  5%) committed. 

Chunk freelists:
   Non-Class:  304.00 KB
       Class:  560.00 KB
        Both:  864.00 KB

MaxMetaspaceSize: unlimited
CompressedClassSpaceSize: 1.00 GB
Initial GC threshold: 21.00 MB
Current GC threshold: 58.75 MB
CDS: off
MetaspaceReclaimPolicy: balanced
 - commit_granule_bytes: 65536.
 - commit_granule_words: 8192.
 - virtual_space_node_default_size: 1048576.
 - enlarge_chunks_in_place: 1.
 - new_chunks_are_fully_committed: 0.
 - uncommit_free_chunks: 1.
 - use_allocation_guard: 0.
 - handle_deallocations: 1.


Internal statistics:

num_allocs_failed_limit: 6.
num_arena_births: 564.
num_arena_deaths: 0.
num_vsnodes_births: 7.
num_vsnodes_deaths: 0.
num_space_committed: 884.
num_space_uncommitted: 0.
num_chunks_returned_to_freelist: 6.
num_chunks_taken_from_freelist: 2254.
num_chunk_merges: 6.
num_chunk_splits: 1509.
num_chunks_enlarged: 1052.
num_purges: 0.
num_inconsistent_stats: 0.

CodeHeap 'non-profiled nmethods': size=120000Kb used=2965Kb max_used=2965Kb free=117034Kb
 bounds [0x000001fa3d790000, 0x000001fa3da80000, 0x000001fa44cc0000]
CodeHeap 'profiled nmethods': size=120000Kb used=10155Kb max_used=10155Kb free=109845Kb
 bounds [0x000001fa35cc0000, 0x000001fa366b0000, 0x000001fa3d1f0000]
CodeHeap 'non-nmethods': size=5760Kb used=2339Kb max_used=2411Kb free=3420Kb
 bounds [0x000001fa3d1f0000, 0x000001fa3d470000, 0x000001fa3d790000]
 total_blobs=6073 nmethods=5213 adapters=772
 compilation: enabled
              stopped_count=0, restarted_count=0
 full_count=0

Compilation events (20 events):
Event: 11.370 Thread 0x000001fa4d0583f0 5218       3       java.security.Provider$ServiceKey::equals (53 bytes)
Event: 11.370 Thread 0x000001fa4d0583f0 nmethod 5218 0x000001fa3668f690 code [0x000001fa3668f860, 0x000001fa3668fd18]
Event: 11.372 Thread 0x000001fa4d0583f0 5219       1       java.security.Provider::getName (5 bytes)
Event: 11.372 Thread 0x000001fa4d0583f0 nmethod 5219 0x000001fa3da74e90 code [0x000001fa3da75020, 0x000001fa3da750f8]
Event: 11.372 Thread 0x000001fa4d0583f0 5220       3       sun.security.jca.ProviderList$ServiceList::tryGet (304 bytes)
Event: 11.373 Thread 0x000001fa4d0583f0 nmethod 5220 0x000001fa3668fe90 code [0x000001fa36690200, 0x000001fa366918b8]
Event: 11.379 Thread 0x000001fa4d0583f0 5222       3       java.lang.String::regionMatches (150 bytes)
Event: 11.380 Thread 0x000001fa4d0583f0 nmethod 5222 0x000001fa36692010 code [0x000001fa36692260, 0x000001fa36692a68]
Event: 11.380 Thread 0x000001fa4d0583f0 5223       2       java.net.URL::getDefaultPort (8 bytes)
Event: 11.380 Thread 0x000001fa4d0583f0 nmethod 5223 0x000001fa36692d10 code [0x000001fa36692ea0, 0x000001fa36692fc8]
Event: 11.394 Thread 0x000001fa4d0583f0 5226  s    3       java.io.ByteArrayOutputStream::toByteArray (12 bytes)
Event: 11.394 Thread 0x000001fa4d0583f0 nmethod 5226 0x000001fa36693090 code [0x000001fa36693240, 0x000001fa36693428]
Event: 11.395 Thread 0x000001fa4d0583f0 5228       3       java.io.ByteArrayInputStream::<init> (26 bytes)
Event: 11.395 Thread 0x000001fa4d0583f0 nmethod 5228 0x000001fa36693510 code [0x000001fa366936c0, 0x000001fa366938f8]
Event: 11.395 Thread 0x000001fa4d0583f0 5229       3       java.io.InputStream::readNBytes (292 bytes)
Event: 11.396 Thread 0x000001fa4d0583f0 nmethod 5229 0x000001fa36693a10 code [0x000001fa36693d60, 0x000001fa366956a8]
Event: 11.396 Thread 0x000001fa4d0583f0 5231       3       sun.security.provider.JavaKeyStore$JKS::convertAlias (8 bytes)
Event: 11.397 Thread 0x000001fa4d0583f0 nmethod 5231 0x000001fa36695f10 code [0x000001fa366960e0, 0x000001fa36696418]
Event: 11.397 Thread 0x000001fa4d0583f0 5230       3       sun.security.util.IOUtils::readExactlyNBytes (53 bytes)
Event: 11.397 Thread 0x000001fa4d0583f0 nmethod 5230 0x000001fa36696590 code [0x000001fa366967e0, 0x000001fa36696fd8]

GC Heap History (20 events):
Event: 0.969 GC heap before
{Heap before GC invocations=1 (full 0):
 garbage-first heap   total 129024K, used 40192K [0x0000000080000000, 0x0000000100000000)
  region size 1024K, 31 young (31744K), 3 survivors (3072K)
 Metaspace       used 11207K, committed 11456K, reserved 1064960K
  class space    used 1161K, committed 1280K, reserved 1048576K
}
Event: 0.974 GC heap after
{Heap after GC invocations=2 (full 0):
 garbage-first heap   total 129024K, used 14778K [0x0000000080000000, 0x0000000100000000)
  region size 1024K, 4 young (4096K), 4 survivors (4096K)
 Metaspace       used 11207K, committed 11456K, reserved 1064960K
  class space    used 1161K, committed 1280K, reserved 1048576K
}
Event: 1.905 GC heap before
{Heap before GC invocations=2 (full 0):
 garbage-first heap   total 129024K, used 53690K [0x0000000080000000, 0x0000000100000000)
  region size 1024K, 43 young (44032K), 4 survivors (4096K)
 Metaspace       used 21252K, committed 21504K, reserved 1073152K
  class space    used 2578K, committed 2688K, reserved 1048576K
}
Event: 1.911 GC heap after
{Heap after GC invocations=3 (full 0):
 garbage-first heap   total 129024K, used 18764K [0x0000000080000000, 0x0000000100000000)
  region size 1024K, 8 young (8192K), 8 survivors (8192K)
 Metaspace       used 21252K, committed 21504K, reserved 1073152K
  class space    used 2578K, committed 2688K, reserved 1048576K
}
Event: 2.454 GC heap before
{Heap before GC invocations=4 (full 0):
 garbage-first heap   total 68608K, used 51532K [0x0000000080000000, 0x0000000100000000)
  region size 1024K, 40 young (40960K), 8 survivors (8192K)
 Metaspace       used 26388K, committed 26624K, reserved 1073152K
  class space    used 3473K, committed 3584K, reserved 1048576K
}
Event: 2.460 GC heap after
{Heap after GC invocations=5 (full 0):
 garbage-first heap   total 68608K, used 20868K [0x0000000080000000, 0x0000000100000000)
  region size 1024K, 3 young (3072K), 3 survivors (3072K)
 Metaspace       used 26388K, committed 26624K, reserved 1073152K
  class space    used 3473K, committed 3584K, reserved 1048576K
}
Event: 2.920 GC heap before
{Heap before GC invocations=5 (full 0):
 garbage-first heap   total 68608K, used 47492K [0x0000000080000000, 0x0000000100000000)
  region size 1024K, 29 young (29696K), 3 survivors (3072K)
 Metaspace       used 30484K, committed 30784K, reserved 1081344K
  class space    used 4140K, committed 4288K, reserved 1048576K
}
Event: 2.922 GC heap after
{Heap after GC invocations=6 (full 0):
 garbage-first heap   total 68608K, used 22013K [0x0000000080000000, 0x0000000100000000)
  region size 1024K, 4 young (4096K), 4 survivors (4096K)
 Metaspace       used 30484K, committed 30784K, reserved 1081344K
  class space    used 4140K, committed 4288K, reserved 1048576K
}
Event: 3.258 GC heap before
{Heap before GC invocations=6 (full 0):
 garbage-first heap   total 68608K, used 48637K [0x0000000080000000, 0x0000000100000000)
  region size 1024K, 30 young (30720K), 4 survivors (4096K)
 Metaspace       used 34896K, committed 35264K, reserved 1081344K
  class space    used 4828K, committed 4992K, reserved 1048576K
}
Event: 3.265 GC heap after
{Heap after GC invocations=7 (full 0):
 garbage-first heap   total 68608K, used 24013K [0x0000000080000000, 0x0000000100000000)
  region size 1024K, 4 young (4096K), 4 survivors (4096K)
 Metaspace       used 34896K, committed 35264K, reserved 1081344K
  class space    used 4828K, committed 4992K, reserved 1048576K
}
Event: 3.330 GC heap before
{Heap before GC invocations=7 (full 0):
 garbage-first heap   total 68608K, used 26061K [0x0000000080000000, 0x0000000100000000)
  region size 1024K, 7 young (7168K), 4 survivors (4096K)
 Metaspace       used 35615K, committed 35968K, reserved 1081344K
  class space    used 4873K, committed 5056K, reserved 1048576K
}
Event: 3.334 GC heap after
{Heap after GC invocations=8 (full 0):
 garbage-first heap   total 82944K, used 24235K [0x0000000080000000, 0x0000000100000000)
  region size 1024K, 3 young (3072K), 3 survivors (3072K)
 Metaspace       used 35615K, committed 35968K, reserved 1081344K
  class space    used 4873K, committed 5056K, reserved 1048576K
}
Event: 3.827 GC heap before
{Heap before GC invocations=9 (full 0):
 garbage-first heap   total 82944K, used 58027K [0x0000000080000000, 0x0000000100000000)
  region size 1024K, 37 young (37888K), 3 survivors (3072K)
 Metaspace       used 40743K, committed 41024K, reserved 1089536K
  class space    used 5405K, committed 5504K, reserved 1048576K
}
Event: 3.832 GC heap after
{Heap after GC invocations=10 (full 0):
 garbage-first heap   total 82944K, used 27977K [0x0000000080000000, 0x0000000100000000)
  region size 1024K, 5 young (5120K), 5 survivors (5120K)
 Metaspace       used 40743K, committed 41024K, reserved 1089536K
  class space    used 5405K, committed 5504K, reserved 1048576K
}
Event: 4.517 GC heap before
{Heap before GC invocations=10 (full 0):
 garbage-first heap   total 82944K, used 63817K [0x0000000080000000, 0x0000000100000000)
  region size 1024K, 37 young (37888K), 5 survivors (5120K)
 Metaspace       used 44721K, committed 45120K, reserved 1089536K
  class space    used 5815K, committed 6016K, reserved 1048576K
}
Event: 4.525 GC heap after
{Heap after GC invocations=11 (full 0):
 garbage-first heap   total 82944K, used 30479K [0x0000000080000000, 0x0000000100000000)
  region size 1024K, 3 young (3072K), 3 survivors (3072K)
 Metaspace       used 44721K, committed 45120K, reserved 1089536K
  class space    used 5815K, committed 6016K, reserved 1048576K
}
Event: 8.971 GC heap before
{Heap before GC invocations=11 (full 0):
 garbage-first heap   total 82944K, used 61199K [0x0000000080000000, 0x0000000100000000)
  region size 1024K, 33 young (33792K), 3 survivors (3072K)
 Metaspace       used 48933K, committed 49408K, reserved 1097728K
  class space    used 6509K, committed 6720K, reserved 1048576K
}
Event: 8.977 GC heap after
{Heap after GC invocations=12 (full 0):
 garbage-first heap   total 82944K, used 32089K [0x0000000080000000, 0x0000000100000000)
  region size 1024K, 4 young (4096K), 4 survivors (4096K)
 Metaspace       used 48933K, committed 49408K, reserved 1097728K
  class space    used 6509K, committed 6720K, reserved 1048576K
}
Event: 10.927 GC heap before
{Heap before GC invocations=12 (full 0):
 garbage-first heap   total 82944K, used 62809K [0x0000000080000000, 0x0000000100000000)
  region size 1024K, 34 young (34816K), 4 survivors (4096K)
 Metaspace       used 52480K, committed 52928K, reserved 1097728K
  class space    used 7023K, committed 7232K, reserved 1048576K
}
Event: 10.937 GC heap after
{Heap after GC invocations=13 (full 0):
 garbage-first heap   total 82944K, used 34361K [0x0000000080000000, 0x0000000100000000)
  region size 1024K, 5 young (5120K), 5 survivors (5120K)
 Metaspace       used 52480K, committed 52928K, reserved 1097728K
  class space    used 7023K, committed 7232K, reserved 1048576K
}

Dll operation events (2 events):
Event: 0.010 Loaded shared library C:\Program Files\Android\Android Studio\jbr\bin\java.dll
Event: 0.387 Loaded shared library C:\Program Files\Android\Android Studio\jbr\bin\verify.dll

Deoptimization events (20 events):
Event: 11.188 Thread 0x000001fa4e2a19b0 DEOPT PACKING pc=0x000001fa3d92b544 sp=0x0000005ce8ff4670
Event: 11.188 Thread 0x000001fa4e2a19b0 DEOPT UNPACKING pc=0x000001fa3d247143 sp=0x0000005ce8ff3a90 mode 0
Event: 11.190 Thread 0x000001fa4e2a19b0 Uncommon trap: trap_request=0xffffff45 fr.pc=0x000001fa3d91f31c relative=0x0000000000000a5c
Event: 11.190 Thread 0x000001fa4e2a19b0 Uncommon trap: reason=unstable_if action=reinterpret pc=0x000001fa3d91f31c method=sun.net.util.IPAddressUtil.scan(Ljava/lang/String;JJ[C)I @ 14 c2
Event: 11.190 Thread 0x000001fa4e2a19b0 DEOPT PACKING pc=0x000001fa3d91f31c sp=0x0000005ce8ff4290
Event: 11.190 Thread 0x000001fa4e2a19b0 DEOPT UNPACKING pc=0x000001fa3d2469a3 sp=0x0000005ce8ff4110 mode 2
Event: 11.212 Thread 0x000001fa4e2a19b0 Uncommon trap: trap_request=0xffffff45 fr.pc=0x000001fa3d8613d0 relative=0x0000000000000230
Event: 11.212 Thread 0x000001fa4e2a19b0 Uncommon trap: reason=unstable_if action=reinterpret pc=0x000001fa3d8613d0 method=java.util.StringTokenizer.scanToken(I)I @ 42 c2
Event: 11.212 Thread 0x000001fa4e2a19b0 DEOPT PACKING pc=0x000001fa3d8613d0 sp=0x0000005ce8ff51e0
Event: 11.212 Thread 0x000001fa4e2a19b0 DEOPT UNPACKING pc=0x000001fa3d2469a3 sp=0x0000005ce8ff5170 mode 2
Event: 11.222 Thread 0x000001fa4e2a19b0 Uncommon trap: trap_request=0xffffff45 fr.pc=0x000001fa3d8fa7a0 relative=0x0000000000000560
Event: 11.222 Thread 0x000001fa4e2a19b0 Uncommon trap: reason=unstable_if action=reinterpret pc=0x000001fa3d8fa7a0 method=java.lang.StringLatin1.compareToCI([B[B)I @ 68 c2
Event: 11.222 Thread 0x000001fa4e2a19b0 DEOPT PACKING pc=0x000001fa3d8fa7a0 sp=0x0000005ce8ff6820
Event: 11.222 Thread 0x000001fa4e2a19b0 DEOPT UNPACKING pc=0x000001fa3d2469a3 sp=0x0000005ce8ff6710 mode 2
Event: 11.222 Thread 0x000001fa4e2a19b0 Uncommon trap: trap_request=0xffffff45 fr.pc=0x000001fa3d8ebebc relative=0x00000000000004fc
Event: 11.222 Thread 0x000001fa4e2a19b0 Uncommon trap: reason=unstable_if action=reinterpret pc=0x000001fa3d8ebebc method=java.lang.StringLatin1.compareToCI([B[B)I @ 68 c2
Event: 11.222 Thread 0x000001fa4e2a19b0 DEOPT PACKING pc=0x000001fa3d8ebebc sp=0x0000005ce8ff6780
Event: 11.222 Thread 0x000001fa4e2a19b0 DEOPT UNPACKING pc=0x000001fa3d2469a3 sp=0x0000005ce8ff6708 mode 2
Event: 11.300 Thread 0x000001fa4e2a19b0 DEOPT PACKING pc=0x000001fa35f36356 sp=0x0000005ce8ff5ef0
Event: 11.300 Thread 0x000001fa4e2a19b0 DEOPT UNPACKING pc=0x000001fa3d247143 sp=0x0000005ce8ff5400 mode 0

Classes unloaded (0 events):
No events

Classes redefined (0 events):
No events

Internal exceptions (20 events):
Event: 4.096 Thread 0x000001fa4e2a19b0 Exception <a 'java/lang/NoSuchMethodError'{0x00000000844dc1a0}: 'java.lang.Object java.lang.invoke.DirectMethodHandle$Holder.invokeStatic(java.lang.Object, java.lang.Object, java.lang.Object, java.lang.Object, java.lang.Object, java.lang.Object, java.lang.Object, java.lang.Object, java.lang.Object, java.lang.Object, java.lang.Object, java.lang.Object, java.lang.Object, java.lang.Object, java.lang.Object, java.lang.Object, java.lang.Object, java.lang.Object, java.lang.Object, java.lang.Object, java.lang.Obj
Event: 4.227 Thread 0x000001fa4e2a19b0 Exception <a 'java/lang/IncompatibleClassChangeError'{0x00000000838eda10}: Found class java.lang.Object, but interface was expected> (0x00000000838eda10) 
thrown [s\src\hotspot\share\interpreter\linkResolver.cpp, line 838]
Event: 4.429 Thread 0x000001fa4e2a19b0 Exception <a 'java/lang/IncompatibleClassChangeError'{0x0000000083360ed0}: Found class java.lang.Object, but interface was expected> (0x0000000083360ed0) 
thrown [s\src\hotspot\share\interpreter\linkResolver.cpp, line 838]
Event: 4.480 Thread 0x000001fa4e2a19b0 Exception <a 'java/lang/NoSuchMethodError'{0x00000000832da448}: 'int java.lang.invoke.DirectMethodHandle$Holder.invokeStaticInit(java.lang.Object, java.lang.Object, java.lang.Object, java.lang.Object, java.lang.Object)'> (0x00000000832da448) 
thrown [s\src\hotspot\share\interpreter\linkResolver.cpp, line 771]
Event: 4.634 Thread 0x000001fa4e2a19b0 Implicit null exception at 0x000001fa3d95f9ec to 0x000001fa3d95fa90
Event: 4.738 Thread 0x000001fa4e2a19b0 Exception <a 'java/lang/NoSuchMethodError'{0x0000000084690ac0}: 'void java.lang.invoke.DirectMethodHandle$Holder.invokeInterface(java.lang.Object, java.lang.Object)'> (0x0000000084690ac0) 
thrown [s\src\hotspot\share\interpreter\linkResolver.cpp, line 771]
Event: 4.739 Thread 0x000001fa4e2a19b0 Exception <a 'java/lang/IncompatibleClassChangeError'{0x000000008469bdf0}: Found class java.lang.Object, but interface was expected> (0x000000008469bdf0) 
thrown [s\src\hotspot\share\interpreter\linkResolver.cpp, line 838]
Event: 4.787 Thread 0x000001fa4e2a19b0 Exception <a 'java/lang/NoSuchMethodError'{0x0000000084421ba0}: 'java.lang.Object java.lang.invoke.DirectMethodHandle$Holder.newInvokeSpecial(java.lang.Object, int, java.lang.Object)'> (0x0000000084421ba0) 
thrown [s\src\hotspot\share\interpreter\linkResolver.cpp, line 771]
Event: 8.488 Thread 0x000001fa4e2a0670 Exception <a 'java/lang/NoSuchMethodError'{0x000000008398f420}: static Lorg/gradle/internal/build/event/types/DefaultOperationStartedProgressEvent;.<clinit>()V> (0x000000008398f420) 
thrown [s\src\hotspot\share\prims\jni.cpp, line 1108]
Event: 8.488 Thread 0x000001fa4e2a0670 Exception <a 'java/lang/NoSuchMethodError'{0x0000000083990aa8}: static Lorg/gradle/internal/build/event/types/AbstractProgressEvent;.<clinit>()V> (0x0000000083990aa8) 
thrown [s\src\hotspot\share\prims\jni.cpp, line 1108]
Event: 8.489 Thread 0x000001fa4e2a0670 Exception <a 'java/lang/NoSuchMethodError'{0x00000000839a1688}: static Lorg/gradle/internal/build/event/types/DefaultProjectConfigurationDescriptor;.<clinit>()V> (0x00000000839a1688) 
thrown [s\src\hotspot\share\prims\jni.cpp, line 1108]
Event: 8.489 Thread 0x000001fa4e2a0670 Exception <a 'java/lang/NoSuchMethodError'{0x00000000839a39b0}: static Lorg/gradle/internal/build/event/types/DefaultOperationDescriptor;.<clinit>()V> (0x00000000839a39b0) 
thrown [s\src\hotspot\share\prims\jni.cpp, line 1108]
Event: 8.491 Thread 0x000001fa4e2a0670 Exception <a 'java/lang/NoSuchMethodError'{0x00000000839b8d68}: static Lorg/gradle/internal/operations/OperationIdentifier;.<clinit>()V> (0x00000000839b8d68) 
thrown [s\src\hotspot\share\prims\jni.cpp, line 1108]
Event: 10.053 Thread 0x000001fa4e2a19b0 Exception <a 'java/lang/NoSuchMethodError'{0x0000000083cb0a90}: 'int java.lang.invoke.DirectMethodHandle$Holder.invokeStatic(java.lang.Object)'> (0x0000000083cb0a90) 
thrown [s\src\hotspot\share\interpreter\linkResolver.cpp, line 771]
Event: 10.053 Thread 0x000001fa4e2a19b0 Exception <a 'java/lang/NoSuchMethodError'{0x0000000083cb5128}: 'int java.lang.invoke.DirectMethodHandle$Holder.invokeStaticInit(java.lang.Object)'> (0x0000000083cb5128) 
thrown [s\src\hotspot\share\interpreter\linkResolver.cpp, line 771]
Event: 10.074 Thread 0x000001fa4e2a19b0 Exception <a 'java/lang/NoSuchMethodError'{0x0000000083b29c68}: 'java.lang.Object java.lang.invoke.DirectMethodHandle$Holder.newInvokeSpecial(java.lang.Object, java.lang.Object, java.lang.Object, java.lang.Object, java.lang.Object, int)'> (0x0000000083b29c68) 
thrown [s\src\hotspot\share\interpreter\linkResolver.cpp, line 771]
Event: 10.074 Thread 0x000001fa4e2a19b0 Exception <a 'java/lang/NoSuchMethodError'{0x0000000083b2f2c0}: 'java.lang.Object java.lang.invoke.DirectMethodHandle$Holder.invokeSpecial(java.lang.Object, java.lang.Object, java.lang.Object, java.lang.Object, java.lang.Object, java.lang.Object, int)'> (0x0000000083b2f2c0) 
thrown [s\src\hotspot\share\interpreter\linkResolver.cpp, line 771]
Event: 10.111 Thread 0x000001fa4e2a19b0 Exception <a 'java/lang/NoSuchMethodError'{0x0000000083a01650}: 'void java.lang.invoke.DirectMethodHandle$Holder.invokeStatic(java.lang.Object, java.lang.Object, java.lang.Object, int, java.lang.Object)'> (0x0000000083a01650) 
thrown [s\src\hotspot\share\interpreter\linkResolver.cpp, line 771]
Event: 11.096 Thread 0x000001fa4e2a19b0 Implicit null exception at 0x000001fa3d7e5472 to 0x000001fa3d7e5aac
Event: 11.175 Thread 0x000001fa4e2a19b0 Exception <a 'sun/nio/fs/WindowsException'{0x0000000084f5ead8}> (0x0000000084f5ead8) 
thrown [s\src\hotspot\share\prims\jni.cpp, line 517]

VM Operations (20 events):
Event: 8.971 Executing VM operation: G1CollectForAllocation
Event: 8.979 Executing VM operation: G1CollectForAllocation done
Event: 9.950 Executing VM operation: HandshakeAllThreads
Event: 9.951 Executing VM operation: HandshakeAllThreads done
Event: 10.756 Executing VM operation: ICBufferFull
Event: 10.757 Executing VM operation: ICBufferFull done
Event: 10.927 Executing VM operation: G1CollectForAllocation
Event: 10.937 Executing VM operation: G1CollectForAllocation done
Event: 10.975 Executing VM operation: HandshakeAllThreads
Event: 10.975 Executing VM operation: HandshakeAllThreads done
Event: 11.122 Executing VM operation: HandshakeAllThreads
Event: 11.122 Executing VM operation: HandshakeAllThreads done
Event: 11.177 Executing VM operation: HandshakeAllThreads
Event: 11.177 Executing VM operation: HandshakeAllThreads done
Event: 11.188 Executing VM operation: HandshakeAllThreads
Event: 11.188 Executing VM operation: HandshakeAllThreads done
Event: 11.190 Executing VM operation: HandshakeAllThreads
Event: 11.190 Executing VM operation: HandshakeAllThreads done
Event: 11.264 Executing VM operation: HandshakeAllThreads
Event: 11.264 Executing VM operation: HandshakeAllThreads done

Events (20 events):
Event: 11.370 loading class sun/security/provider/DSA done
Event: 11.370 loading class sun/security/provider/DSA$SHA256withDSA done
Event: 11.370 loading class sun/security/provider/SHA2$SHA224
Event: 11.371 loading class sun/security/provider/SHA2$SHA224 done
Event: 11.371 loading class sun/security/rsa/RSASignature$SHA224withRSA
Event: 11.371 loading class sun/security/rsa/RSASignature
Event: 11.371 loading class sun/security/rsa/RSASignature done
Event: 11.371 loading class sun/security/rsa/RSASignature$SHA224withRSA done
Event: 11.372 loading class sun/security/provider/DSA$SHA224withDSA
Event: 11.372 loading class sun/security/provider/DSA$SHA224withDSA done
Event: 11.372 loading class sun/security/ssl/SessionId
Event: 11.372 loading class sun/security/ssl/SessionId done
Event: 11.372 loading class javax/net/ssl/SSLParameters
Event: 11.373 loading class javax/net/ssl/SSLParameters done
Event: 11.373 loading class sun/security/ssl/SSLConfiguration$1
Event: 11.373 loading class sun/security/ssl/SSLConfiguration$1 done
Event: 11.377 loading class javax/net/ssl/SSLHandshakeException
Event: 11.377 loading class javax/net/ssl/SSLHandshakeException done
Event: 11.396 loading class sun/security/ssl/SSLContextImpl$TLSContext
Event: 11.396 loading class sun/security/ssl/SSLContextImpl$TLSContext done


Dynamic libraries:
0x00007ff6a46e0000 - 0x00007ff6a46ea000 	C:\Program Files\Android\Android Studio\jbr\bin\java.exe
0x00007fffc26b0000 - 0x00007fffc28a7000 	C:\WINDOWS\SYSTEM32\ntdll.dll
0x00007fffc14a0000 - 0x00007fffc155d000 	C:\WINDOWS\System32\KERNEL32.DLL
0x00007fffc03e0000 - 0x00007fffc06d6000 	C:\WINDOWS\System32\KERNELBASE.dll
0x00007fffbffd0000 - 0x00007fffc00d0000 	C:\WINDOWS\System32\ucrtbase.dll
0x00007fff9d4f0000 - 0x00007fff9d507000 	C:\Program Files\Android\Android Studio\jbr\bin\jli.dll
0x00007fffc0db0000 - 0x00007fffc0f4e000 	C:\WINDOWS\System32\USER32.dll
0x00007fff95ec0000 - 0x00007fff95edb000 	C:\Program Files\Android\Android Studio\jbr\bin\VCRUNTIME140.dll
0x00007fffaab70000 - 0x00007fffaae0a000 	C:\WINDOWS\WinSxS\amd64_microsoft.windows.common-controls_6595b64144ccf1df_6.0.19041.3570_none_60bb2a3971f3e41a\COMCTL32.dll
0x00007fffbff50000 - 0x00007fffbff72000 	C:\WINDOWS\System32\win32u.dll
0x00007fffc10b0000 - 0x00007fffc114e000 	C:\WINDOWS\System32\msvcrt.dll
0x00007fffc1ef0000 - 0x00007fffc1f1c000 	C:\WINDOWS\System32\GDI32.dll
0x00007fffbfd90000 - 0x00007fffbfeaa000 	C:\WINDOWS\System32\gdi32full.dll
0x00007fffbfeb0000 - 0x00007fffbff4d000 	C:\WINDOWS\System32\msvcp_win.dll
0x00007fffc11e0000 - 0x00007fffc1210000 	C:\WINDOWS\System32\IMM32.DLL
0x00007fffaa170000 - 0x00007fffaa17c000 	C:\Program Files\Android\Android Studio\jbr\bin\vcruntime140_1.dll
0x00007fff8b4f0000 - 0x00007fff8b57d000 	C:\Program Files\Android\Android Studio\jbr\bin\msvcp140.dll
0x00007fff3bc00000 - 0x00007fff3c86e000 	C:\Program Files\Android\Android Studio\jbr\bin\server\jvm.dll
0x00007fffc1380000 - 0x00007fffc142e000 	C:\WINDOWS\System32\ADVAPI32.dll
0x00007fffc1210000 - 0x00007fffc12ac000 	C:\WINDOWS\System32\sechost.dll
0x00007fffc1560000 - 0x00007fffc1686000 	C:\WINDOWS\System32\RPCRT4.dll
0x00007fffa4c30000 - 0x00007fffa4c57000 	C:\WINDOWS\SYSTEM32\WINMM.dll
0x00007fffb9740000 - 0x00007fffb974a000 	C:\WINDOWS\SYSTEM32\VERSION.dll
0x00007fffa5810000 - 0x00007fffa5819000 	C:\WINDOWS\SYSTEM32\WSOCK32.dll
0x00007fffc0c10000 - 0x00007fffc0c7b000 	C:\WINDOWS\System32\WS2_32.dll
0x00007fffbe5c0000 - 0x00007fffbe5d2000 	C:\WINDOWS\SYSTEM32\kernel.appcore.dll
0x00007fffbb7c0000 - 0x00007fffbb7ca000 	C:\Program Files\Android\Android Studio\jbr\bin\jimage.dll
0x00007fffbd9c0000 - 0x00007fffbdba4000 	C:\WINDOWS\SYSTEM32\DBGHELP.DLL
0x00007fffa4400000 - 0x00007fffa4434000 	C:\WINDOWS\SYSTEM32\dbgcore.DLL
0x00007fffc0180000 - 0x00007fffc0202000 	C:\WINDOWS\System32\bcryptPrimitives.dll
0x00007fff92ee0000 - 0x00007fff92f05000 	C:\Program Files\Android\Android Studio\jbr\bin\java.dll
0x00007fffbb6c0000 - 0x00007fffbb6d8000 	C:\Program Files\Android\Android Studio\jbr\bin\zip.dll
0x00007fffc1f20000 - 0x00007fffc2664000 	C:\WINDOWS\System32\SHELL32.dll
0x00007fffbde10000 - 0x00007fffbe5ab000 	C:\WINDOWS\SYSTEM32\windows.storage.dll
0x00007fffc08b0000 - 0x00007fffc0c04000 	C:\WINDOWS\System32\combase.dll
0x00007fffbf7d0000 - 0x00007fffbf7fd000 	C:\WINDOWS\SYSTEM32\Wldp.dll
0x00007fffc1690000 - 0x00007fffc173d000 	C:\WINDOWS\System32\SHCORE.dll
0x00007fffc0720000 - 0x00007fffc0775000 	C:\WINDOWS\System32\shlwapi.dll
0x00007fffbfcc0000 - 0x00007fffbfce5000 	C:\WINDOWS\SYSTEM32\profapi.dll
0x00007fffb7340000 - 0x00007fffb7359000 	C:\Program Files\Android\Android Studio\jbr\bin\net.dll
0x00007fffb7c10000 - 0x00007fffb7d1a000 	C:\WINDOWS\SYSTEM32\WINHTTP.dll
0x00007fffbf530000 - 0x00007fffbf59a000 	C:\WINDOWS\system32\mswsock.dll
0x00007fff9d970000 - 0x00007fff9d986000 	C:\Program Files\Android\Android Studio\jbr\bin\nio.dll
0x00007fffb3420000 - 0x00007fffb3430000 	C:\Program Files\Android\Android Studio\jbr\bin\verify.dll
0x00007fff92040000 - 0x00007fff92067000 	C:\Users\hp\.gradle\native\68d5fa5c4cc2d200863cafc0d521ce42e7d3e7ee720ec0a83991735586a16f82\windows-amd64\native-platform.dll
0x00007fff88ca0000 - 0x00007fff88de4000 	C:\Users\hp\.gradle\native\e376f236ea51e6404a007f0833ffe2c6e607c4080706a723a18a27aeea778392\windows-amd64\native-platform-file-events.dll
0x00007fffab970000 - 0x00007fffab979000 	C:\Program Files\Android\Android Studio\jbr\bin\management.dll
0x00007fffab7a0000 - 0x00007fffab7ab000 	C:\Program Files\Android\Android Studio\jbr\bin\management_ext.dll
0x00007fffc08a0000 - 0x00007fffc08a8000 	C:\WINDOWS\System32\PSAPI.DLL
0x00007fffbf720000 - 0x00007fffbf738000 	C:\WINDOWS\SYSTEM32\CRYPTSP.dll
0x00007fffbedd0000 - 0x00007fffbee04000 	C:\WINDOWS\system32\rsaenh.dll
0x00007fffc06e0000 - 0x00007fffc0707000 	C:\WINDOWS\System32\bcrypt.dll
0x00007fffbfc80000 - 0x00007fffbfcae000 	C:\WINDOWS\SYSTEM32\USERENV.dll
0x00007fffbf740000 - 0x00007fffbf74c000 	C:\WINDOWS\SYSTEM32\CRYPTBASE.dll
0x00007fffbf1d0000 - 0x00007fffbf20b000 	C:\WINDOWS\SYSTEM32\IPHLPAPI.DLL
0x00007fffc0710000 - 0x00007fffc0718000 	C:\WINDOWS\System32\NSI.dll
0x00007fffb8820000 - 0x00007fffb8837000 	C:\WINDOWS\SYSTEM32\dhcpcsvc6.DLL
0x00007fffb87e0000 - 0x00007fffb87fd000 	C:\WINDOWS\SYSTEM32\dhcpcsvc.DLL
0x00007fffbf220000 - 0x00007fffbf2ea000 	C:\WINDOWS\SYSTEM32\DNSAPI.dll
0x00007fffab3e0000 - 0x00007fffab3e7000 	C:\WINDOWS\system32\wshunix.dll

dbghelp: loaded successfully - version: 4.0.5 - missing functions: none
symbol engine: initialized successfully - sym options: 0x614 - pdb path: .;C:\Program Files\Android\Android Studio\jbr\bin;C:\WINDOWS\SYSTEM32;C:\WINDOWS\WinSxS\amd64_microsoft.windows.common-controls_6595b64144ccf1df_6.0.19041.3570_none_60bb2a3971f3e41a;C:\Program Files\Android\Android Studio\jbr\bin\server;C:\Users\hp\.gradle\native\68d5fa5c4cc2d200863cafc0d521ce42e7d3e7ee720ec0a83991735586a16f82\windows-amd64;C:\Users\hp\.gradle\native\e376f236ea51e6404a007f0833ffe2c6e607c4080706a723a18a27aeea778392\windows-amd64

VM Arguments:
jvm_args: --add-opens=java.base/java.util=ALL-UNNAMED --add-opens=java.base/java.lang=ALL-UNNAMED --add-opens=java.base/java.lang.invoke=ALL-UNNAMED --add-opens=java.prefs/java.util.prefs=ALL-UNNAMED --add-opens=java.base/java.nio.charset=ALL-UNNAMED --add-opens=java.base/java.net=ALL-UNNAMED --add-opens=java.base/java.util.concurrent.atomic=ALL-UNNAMED -Xmx2048m -Dfile.encoding=UTF-8 -Duser.country=US -Duser.language=en -Duser.variant 
java_command: org.gradle.launcher.daemon.bootstrap.GradleDaemon 8.0
java_class_path (initial): C:\Users\hp\.gradle\wrapper\dists\gradle-8.0-bin\ca5e32bp14vu59qr306oxotwh\gradle-8.0\lib\gradle-launcher-8.0.jar
Launcher Type: SUN_STANDARD

[Global flags]
     intx CICompilerCount                          = 4                                         {product} {ergonomic}
     uint ConcGCThreads                            = 2                                         {product} {ergonomic}
     uint G1ConcRefinementThreads                  = 8                                         {product} {ergonomic}
   size_t G1HeapRegionSize                         = 1048576                                   {product} {ergonomic}
    uintx GCDrainStackTargetSize                   = 64                                        {product} {ergonomic}
   size_t InitialHeapSize                          = 132120576                                 {product} {ergonomic}
   size_t MarkStackSize                            = 4194304                                   {product} {ergonomic}
   size_t MaxHeapSize                              = 2147483648                                {product} {command line}
   size_t MaxNewSize                               = 1287651328                                {product} {ergonomic}
   size_t MinHeapDeltaBytes                        = 1048576                                   {product} {ergonomic}
   size_t MinHeapSize                              = 8388608                                   {product} {ergonomic}
    uintx NonNMethodCodeHeapSize                   = 5839372                                {pd product} {ergonomic}
    uintx NonProfiledCodeHeapSize                  = 122909434                              {pd product} {ergonomic}
    uintx ProfiledCodeHeapSize                     = 122909434                              {pd product} {ergonomic}
    uintx ReservedCodeCacheSize                    = 251658240                              {pd product} {ergonomic}
     bool SegmentedCodeCache                       = true                                      {product} {ergonomic}
   size_t SoftMaxHeapSize                          = 2147483648                             {manageable} {ergonomic}
     bool UseCompressedClassPointers               = true                           {product lp64_product} {ergonomic}
     bool UseCompressedOops                        = true                           {product lp64_product} {ergonomic}
     bool UseG1GC                                  = true                                      {product} {ergonomic}
     bool UseLargePagesIndividualAllocation        = false                                  {pd product} {ergonomic}

Logging:
Log output configuration:
 #0: stdout all=warning uptime,level,tags
 #1: stderr all=off uptime,level,tags

Environment Variables:
PATH=C:\Program Files\Common Files\Oracle\Java\javapath;C:\WINDOWS\system32;C:\WINDOWS;C:\WINDOWS\System32\Wbem;C:\WINDOWS\System32\WindowsPowerShell\v1.0\;C:\WINDOWS\System32\OpenSSH\;C:\Program Files\Java\jdk-18;c:\altera\90\quartus\bin;C:\Program Files\Git\cmd;C:\Program Files\MySQL\MySQL Shell 8.0\bin\;C:\Users\hp\AppData\Local\Programs\Python\Python311\Scripts\;C:\Users\hp\AppData\Local\Programs\Python\Python311\;C:\Users\hp\AppData\Local\Microsoft\WindowsApps;;C:\Program Files\JetBrains\PyCharm Community Edition 2023.1\bin;
USERNAME=hp
OS=Windows_NT
PROCESSOR_IDENTIFIER=Intel64 Family 6 Model 142 Stepping 12, GenuineIntel
TMP=C:\Users\hp\AppData\Local\Temp
TEMP=C:\Users\hp\AppData\Local\Temp


JNI global refs:
JNI global refs: 24, weak refs: 0

JNI global refs memory usage: 843, weak refs: 841


---------------  S Y S T E M  ---------------

OS:
 Windows 10 , 64 bit Build 19041 (10.0.19041.3570)
OS uptime: 6 days 0:31 hours

CPU: total 8 (initial active 8) (4 cores per cpu, 2 threads per core) family 6 model 142 stepping 12 microcode 0xde, cx8, cmov, fxsr, ht, mmx, 3dnowpref, sse, sse2, sse3, ssse3, sse4.1, sse4.2, popcnt, lzcnt, tsc, tscinvbit, avx, avx2, aes, erms, clmul, bmi1, bmi2, adx, fma, vzeroupper, clflush, clflushopt

Memory: 4k page, system-wide physical 7995M (89M free)
TotalPageFile size 32571M (AvailPageFile size 3M)
current process WorkingSet (physical memory assigned to process): 186M, peak: 252M
current process commit charge ("private bytes"): 284M, peak: 288M

vm_info: OpenJDK 64-Bit Server VM (17.0.6+0-b2043.56-10027231) for windows-amd64 JRE (17.0.6+0-b2043.56-10027231), built on Apr 28 2023 00:43:19 by "androidbuild" with MS VC++ 16.10 / 16.11 (VS2019)

END.
